This is pdfTeX, Version 3.141592653-2.6-1.40.27 (TeX Live 2025) (preloaded format=pdflatex 2025.4.2)  9 APR 2025 11:37
entering extended mode
 restricted \write18 enabled.
 %&-line parsing enabled.
**selection_models_draft.tex
(./selection_models_draft.tex
LaTeX2e <2024-11-01> patch level 2
L3 programming layer <2025-01-18>
(c:/Users/jamespustejovsky/AppData/Roaming/TinyTeX/texmf-dist/tex/latex/apa7/apa7.cls
Document Class: apa7 2022/07/25 v2.16 APA formatting (7th edition)
(c:/Users/jamespustejovsky/AppData/Roaming/TinyTeX/texmf-dist/tex/latex/base/article.cls
Document Class: article 2024/06/29 v1.4n Standard LaTeX document class
(c:/Users/jamespustejovsky/AppData/Roaming/TinyTeX/texmf-dist/tex/latex/base/size12.clo
File: size12.clo 2024/06/29 v1.4n Standard LaTeX file (size option)
)
\c@part=\count196
\c@section=\count197
\c@subsection=\count198
\c@subsubsection=\count199
\c@paragraph=\count266
\c@subparagraph=\count267
\c@figure=\count268
\c@table=\count269
\abovecaptionskip=\skip49
\belowcaptionskip=\skip50
\bibindent=\dimen141
) (c:/Users/jamespustejovsky/AppData/Roaming/TinyTeX/texmf-dist/tex/latex/etoolbox/etoolbox.sty
Package: etoolbox 2025/02/11 v2.5l e-TeX tools for LaTeX (JAW)
\etb@tempcnta=\count270
)
Class apa7 Info: No bibliography package was specified; defaulting to (but not loading) Biblatex on input line 218.
(c:/Users/jamespustejovsky/AppData/Roaming/TinyTeX/texmf-dist/tex/latex/lm/lmodern.sty
Package: lmodern 2015/05/01 v1.6.1 Latin Modern Fonts
LaTeX Font Info:    Overwriting symbol font `operators' in version `normal'
(Font)                  OT1/cmr/m/n --> OT1/lmr/m/n on input line 22.
LaTeX Font Info:    Overwriting symbol font `letters' in version `normal'
(Font)                  OML/cmm/m/it --> OML/lmm/m/it on input line 23.
LaTeX Font Info:    Overwriting symbol font `symbols' in version `normal'
(Font)                  OMS/cmsy/m/n --> OMS/lmsy/m/n on input line 24.
LaTeX Font Info:    Overwriting symbol font `largesymbols' in version `normal'
(Font)                  OMX/cmex/m/n --> OMX/lmex/m/n on input line 25.
LaTeX Font Info:    Overwriting symbol font `operators' in version `bold'
(Font)                  OT1/cmr/bx/n --> OT1/lmr/bx/n on input line 26.
LaTeX Font Info:    Overwriting symbol font `letters' in version `bold'
(Font)                  OML/cmm/b/it --> OML/lmm/b/it on input line 27.
LaTeX Font Info:    Overwriting symbol font `symbols' in version `bold'
(Font)                  OMS/cmsy/b/n --> OMS/lmsy/b/n on input line 28.
LaTeX Font Info:    Overwriting symbol font `largesymbols' in version `bold'
(Font)                  OMX/cmex/m/n --> OMX/lmex/m/n on input line 29.
LaTeX Font Info:    Overwriting math alphabet `\mathbf' in version `normal'
(Font)                  OT1/cmr/bx/n --> OT1/lmr/bx/n on input line 31.
LaTeX Font Info:    Overwriting math alphabet `\mathsf' in version `normal'
(Font)                  OT1/cmss/m/n --> OT1/lmss/m/n on input line 32.
LaTeX Font Info:    Overwriting math alphabet `\mathit' in version `normal'
(Font)                  OT1/cmr/m/it --> OT1/lmr/m/it on input line 33.
LaTeX Font Info:    Overwriting math alphabet `\mathtt' in version `normal'
(Font)                  OT1/cmtt/m/n --> OT1/lmtt/m/n on input line 34.
LaTeX Font Info:    Overwriting math alphabet `\mathbf' in version `bold'
(Font)                  OT1/cmr/bx/n --> OT1/lmr/bx/n on input line 35.
LaTeX Font Info:    Overwriting math alphabet `\mathsf' in version `bold'
(Font)                  OT1/cmss/bx/n --> OT1/lmss/bx/n on input line 36.
LaTeX Font Info:    Overwriting math alphabet `\mathit' in version `bold'
(Font)                  OT1/cmr/bx/it --> OT1/lmr/bx/it on input line 37.
LaTeX Font Info:    Overwriting math alphabet `\mathtt' in version `bold'
(Font)                  OT1/cmtt/m/n --> OT1/lmtt/m/n on input line 38.
) (c:/Users/jamespustejovsky/AppData/Roaming/TinyTeX/texmf-dist/tex/latex/base/fontenc.sty
Package: fontenc 2021/04/29 v2.0v Standard LaTeX package
LaTeX Font Info:    Trying to load font information for T1+lmr on input line 116.
(c:/Users/jamespustejovsky/AppData/Roaming/TinyTeX/texmf-dist/tex/latex/lm/t1lmr.fd
File: t1lmr.fd 2015/05/01 v1.6.1 Font defs for Latin Modern
)) (c:/Users/jamespustejovsky/AppData/Roaming/TinyTeX/texmf-dist/tex/latex/geometry/geometry.sty
Package: geometry 2020/01/02 v5.9 Page Geometry
(c:/Users/jamespustejovsky/AppData/Roaming/TinyTeX/texmf-dist/tex/latex/graphics/keyval.sty
Package: keyval 2022/05/29 v1.15 key=value parser (DPC)
\KV@toks@=\toks17
) (c:/Users/jamespustejovsky/AppData/Roaming/TinyTeX/texmf-dist/tex/generic/iftex/ifvtex.sty
Package: ifvtex 2019/10/25 v1.7 ifvtex legacy package. Use iftex instead.
(c:/Users/jamespustejovsky/AppData/Roaming/TinyTeX/texmf-dist/tex/generic/iftex/iftex.sty
Package: iftex 2024/12/12 v1.0g TeX engine tests
))
\Gm@cnth=\count271
\Gm@cntv=\count272
\c@Gm@tempcnt=\count273
\Gm@bindingoffset=\dimen142
\Gm@wd@mp=\dimen143
\Gm@odd@mp=\dimen144
\Gm@even@mp=\dimen145
\Gm@layoutwidth=\dimen146
\Gm@layoutheight=\dimen147
\Gm@layouthoffset=\dimen148
\Gm@layoutvoffset=\dimen149
\Gm@dimlist=\toks18
) (c:/Users/jamespustejovsky/AppData/Roaming/TinyTeX/texmf-dist/tex/latex/graphics/graphicx.sty
Package: graphicx 2021/09/16 v1.2d Enhanced LaTeX Graphics (DPC,SPQR)
(c:/Users/jamespustejovsky/AppData/Roaming/TinyTeX/texmf-dist/tex/latex/graphics/graphics.sty
Package: graphics 2024/08/06 v1.4g Standard LaTeX Graphics (DPC,SPQR)
(c:/Users/jamespustejovsky/AppData/Roaming/TinyTeX/texmf-dist/tex/latex/graphics/trig.sty
Package: trig 2023/12/02 v1.11 sin cos tan (DPC)
) (c:/Users/jamespustejovsky/AppData/Roaming/TinyTeX/texmf-dist/tex/latex/graphics-cfg/graphics.cfg
File: graphics.cfg 2016/06/04 v1.11 sample graphics configuration
)
Package graphics Info: Driver file: pdftex.def on input line 106.
(c:/Users/jamespustejovsky/AppData/Roaming/TinyTeX/texmf-dist/tex/latex/graphics-def/pdftex.def
File: pdftex.def 2024/04/13 v1.2c Graphics/color driver for pdftex
))
\Gin@req@height=\dimen150
\Gin@req@width=\dimen151
) (c:/Users/jamespustejovsky/AppData/Roaming/TinyTeX/texmf-dist/tex/latex/scalerel/scalerel.sty
Package: scalerel 2016/12/29 v1.8 Routines for constrained scaling and stretching of objects, relative to a reference object or in absolute terms
(c:/Users/jamespustejovsky/AppData/Roaming/TinyTeX/texmf-dist/tex/latex/tools/calc.sty
Package: calc 2023/07/08 v4.3 Infix arithmetic (KKT,FJ)
\calc@Acount=\count274
\calc@Bcount=\count275
\calc@Adimen=\dimen152
\calc@Bdimen=\dimen153
\calc@Askip=\skip51
\calc@Bskip=\skip52
LaTeX Info: Redefining \setlength on input line 80.
LaTeX Info: Redefining \addtolength on input line 81.
\calc@Ccount=\count276
\calc@Cskip=\skip53
)
\thesrwidth=\skip54
\thesrheight=\skip55
\srblobheight=\skip56
\srblobdepth=\skip57
\mnxsrwidth=\skip58
\LMex=\skip59
\LMpt=\skip60
) (c:/Users/jamespustejovsky/AppData/Roaming/TinyTeX/texmf-dist/tex/latex/pgf/frontendlayer/tikz.sty (c:/Users/jamespustejovsky/AppData/Roaming/TinyTeX/texmf-dist/tex/latex/pgf/basiclayer/pgf.sty (c:/Users/jamespustejovsky/AppData/Roaming/TinyTeX/texmf-dist/tex/latex/pgf/utilities/pgfrcs.sty (c:/Users/jamespustejovsky/AppData/Roaming/TinyTeX/texmf-dist/tex/generic/pgf/utilities/pgfutil-common.tex
\pgfutil@everybye=\toks19
\pgfutil@tempdima=\dimen154
\pgfutil@tempdimb=\dimen155
) (c:/Users/jamespustejovsky/AppData/Roaming/TinyTeX/texmf-dist/tex/generic/pgf/utilities/pgfutil-latex.def
\pgfutil@abb=\box52
) (c:/Users/jamespustejovsky/AppData/Roaming/TinyTeX/texmf-dist/tex/generic/pgf/utilities/pgfrcs.code.tex (c:/Users/jamespustejovsky/AppData/Roaming/TinyTeX/texmf-dist/tex/generic/pgf/pgf.revision.tex)
Package: pgfrcs 2023-01-15 v3.1.10 (3.1.10)
))
Package: pgf 2023-01-15 v3.1.10 (3.1.10)
(c:/Users/jamespustejovsky/AppData/Roaming/TinyTeX/texmf-dist/tex/latex/pgf/basiclayer/pgfcore.sty (c:/Users/jamespustejovsky/AppData/Roaming/TinyTeX/texmf-dist/tex/latex/pgf/systemlayer/pgfsys.sty (c:/Users/jamespustejovsky/AppData/Roaming/TinyTeX/texmf-dist/tex/generic/pgf/systemlayer/pgfsys.code.tex
Package: pgfsys 2023-01-15 v3.1.10 (3.1.10)
(c:/Users/jamespustejovsky/AppData/Roaming/TinyTeX/texmf-dist/tex/generic/pgf/utilities/pgfkeys.code.tex
\pgfkeys@pathtoks=\toks20
\pgfkeys@temptoks=\toks21
(c:/Users/jamespustejovsky/AppData/Roaming/TinyTeX/texmf-dist/tex/generic/pgf/utilities/pgfkeyslibraryfiltered.code.tex
\pgfkeys@tmptoks=\toks22
))
\pgf@x=\dimen156
\pgf@y=\dimen157
\pgf@xa=\dimen158
\pgf@ya=\dimen159
\pgf@xb=\dimen160
\pgf@yb=\dimen161
\pgf@xc=\dimen162
\pgf@yc=\dimen163
\pgf@xd=\dimen164
\pgf@yd=\dimen165
\w@pgf@writea=\write3
\r@pgf@reada=\read2
\c@pgf@counta=\count277
\c@pgf@countb=\count278
\c@pgf@countc=\count279
\c@pgf@countd=\count280
\t@pgf@toka=\toks23
\t@pgf@tokb=\toks24
\t@pgf@tokc=\toks25
\pgf@sys@id@count=\count281
(c:/Users/jamespustejovsky/AppData/Roaming/TinyTeX/texmf-dist/tex/generic/pgf/systemlayer/pgf.cfg
File: pgf.cfg 2023-01-15 v3.1.10 (3.1.10)
)
Driver file for pgf: pgfsys-pdftex.def
(c:/Users/jamespustejovsky/AppData/Roaming/TinyTeX/texmf-dist/tex/generic/pgf/systemlayer/pgfsys-pdftex.def
File: pgfsys-pdftex.def 2023-01-15 v3.1.10 (3.1.10)
(c:/Users/jamespustejovsky/AppData/Roaming/TinyTeX/texmf-dist/tex/generic/pgf/systemlayer/pgfsys-common-pdf.def
File: pgfsys-common-pdf.def 2023-01-15 v3.1.10 (3.1.10)
))) (c:/Users/jamespustejovsky/AppData/Roaming/TinyTeX/texmf-dist/tex/generic/pgf/systemlayer/pgfsyssoftpath.code.tex
File: pgfsyssoftpath.code.tex 2023-01-15 v3.1.10 (3.1.10)
\pgfsyssoftpath@smallbuffer@items=\count282
\pgfsyssoftpath@bigbuffer@items=\count283
) (c:/Users/jamespustejovsky/AppData/Roaming/TinyTeX/texmf-dist/tex/generic/pgf/systemlayer/pgfsysprotocol.code.tex
File: pgfsysprotocol.code.tex 2023-01-15 v3.1.10 (3.1.10)
)) (c:/Users/jamespustejovsky/AppData/Roaming/TinyTeX/texmf-dist/tex/latex/xcolor/xcolor.sty
Package: xcolor 2024/09/29 v3.02 LaTeX color extensions (UK)
(c:/Users/jamespustejovsky/AppData/Roaming/TinyTeX/texmf-dist/tex/latex/graphics-cfg/color.cfg
File: color.cfg 2016/01/02 v1.6 sample color configuration
)
Package xcolor Info: Driver file: pdftex.def on input line 274.
(c:/Users/jamespustejovsky/AppData/Roaming/TinyTeX/texmf-dist/tex/latex/graphics/mathcolor.ltx)
Package xcolor Info: Model `cmy' substituted by `cmy0' on input line 1349.
Package xcolor Info: Model `hsb' substituted by `rgb' on input line 1353.
Package xcolor Info: Model `RGB' extended on input line 1365.
Package xcolor Info: Model `HTML' substituted by `rgb' on input line 1367.
Package xcolor Info: Model `Hsb' substituted by `hsb' on input line 1368.
Package xcolor Info: Model `tHsb' substituted by `hsb' on input line 1369.
Package xcolor Info: Model `HSB' substituted by `hsb' on input line 1370.
Package xcolor Info: Model `Gray' substituted by `gray' on input line 1371.
Package xcolor Info: Model `wave' substituted by `hsb' on input line 1372.
) (c:/Users/jamespustejovsky/AppData/Roaming/TinyTeX/texmf-dist/tex/generic/pgf/basiclayer/pgfcore.code.tex
Package: pgfcore 2023-01-15 v3.1.10 (3.1.10)
(c:/Users/jamespustejovsky/AppData/Roaming/TinyTeX/texmf-dist/tex/generic/pgf/math/pgfmath.code.tex (c:/Users/jamespustejovsky/AppData/Roaming/TinyTeX/texmf-dist/tex/generic/pgf/math/pgfmathutil.code.tex) (c:/Users/jamespustejovsky/AppData/Roaming/TinyTeX/texmf-dist/tex/generic/pgf/math/pgfmathparser.code.tex
\pgfmath@dimen=\dimen166
\pgfmath@count=\count284
\pgfmath@box=\box53
\pgfmath@toks=\toks26
\pgfmath@stack@operand=\toks27
\pgfmath@stack@operation=\toks28
) (c:/Users/jamespustejovsky/AppData/Roaming/TinyTeX/texmf-dist/tex/generic/pgf/math/pgfmathfunctions.code.tex) (c:/Users/jamespustejovsky/AppData/Roaming/TinyTeX/texmf-dist/tex/generic/pgf/math/pgfmathfunctions.basic.code.tex) (c:/Users/jamespustejovsky/AppData/Roaming/TinyTeX/texmf-dist/tex/generic/pgf/math/pgfmathfunctions.trigonometric.code.tex) (c:/Users/jamespustejovsky/AppData/Roaming/TinyTeX/texmf-dist/tex/generic/pgf/math/pgfmathfunctions.random.code.tex) (c:/Users/jamespustejovsky/AppData/Roaming/TinyTeX/texmf-dist/tex/generic/pgf/math/pgfmathfunctions.comparison.code.tex) (c:/Users/jamespustejovsky/AppData/Roaming/TinyTeX/texmf-dist/tex/generic/pgf/math/pgfmathfunctions.base.code.tex) (c:/Users/jamespustejovsky/AppData/Roaming/TinyTeX/texmf-dist/tex/generic/pgf/math/pgfmathfunctions.round.code.tex) (c:/Users/jamespustejovsky/AppData/Roaming/TinyTeX/texmf-dist/tex/generic/pgf/math/pgfmathfunctions.misc.code.tex) (c:/Users/jamespustejovsky/AppData/Roaming/TinyTeX/texmf-dist/tex/generic/pgf/math/pgfmathfunctions.integerarithmetics.code.tex) (c:/Users/jamespustejovsky/AppData/Roaming/TinyTeX/texmf-dist/tex/generic/pgf/math/pgfmathcalc.code.tex) (c:/Users/jamespustejovsky/AppData/Roaming/TinyTeX/texmf-dist/tex/generic/pgf/math/pgfmathfloat.code.tex
\c@pgfmathroundto@lastzeros=\count285
)) (c:/Users/jamespustejovsky/AppData/Roaming/TinyTeX/texmf-dist/tex/generic/pgf/math/pgfint.code.tex) (c:/Users/jamespustejovsky/AppData/Roaming/TinyTeX/texmf-dist/tex/generic/pgf/basiclayer/pgfcorepoints.code.tex
File: pgfcorepoints.code.tex 2023-01-15 v3.1.10 (3.1.10)
\pgf@picminx=\dimen167
\pgf@picmaxx=\dimen168
\pgf@picminy=\dimen169
\pgf@picmaxy=\dimen170
\pgf@pathminx=\dimen171
\pgf@pathmaxx=\dimen172
\pgf@pathminy=\dimen173
\pgf@pathmaxy=\dimen174
\pgf@xx=\dimen175
\pgf@xy=\dimen176
\pgf@yx=\dimen177
\pgf@yy=\dimen178
\pgf@zx=\dimen179
\pgf@zy=\dimen180
) (c:/Users/jamespustejovsky/AppData/Roaming/TinyTeX/texmf-dist/tex/generic/pgf/basiclayer/pgfcorepathconstruct.code.tex
File: pgfcorepathconstruct.code.tex 2023-01-15 v3.1.10 (3.1.10)
\pgf@path@lastx=\dimen181
\pgf@path@lasty=\dimen182
) (c:/Users/jamespustejovsky/AppData/Roaming/TinyTeX/texmf-dist/tex/generic/pgf/basiclayer/pgfcorepathusage.code.tex
File: pgfcorepathusage.code.tex 2023-01-15 v3.1.10 (3.1.10)
\pgf@shorten@end@additional=\dimen183
\pgf@shorten@start@additional=\dimen184
) (c:/Users/jamespustejovsky/AppData/Roaming/TinyTeX/texmf-dist/tex/generic/pgf/basiclayer/pgfcorescopes.code.tex
File: pgfcorescopes.code.tex 2023-01-15 v3.1.10 (3.1.10)
\pgfpic=\box54
\pgf@hbox=\box55
\pgf@layerbox@main=\box56
\pgf@picture@serial@count=\count286
) (c:/Users/jamespustejovsky/AppData/Roaming/TinyTeX/texmf-dist/tex/generic/pgf/basiclayer/pgfcoregraphicstate.code.tex
File: pgfcoregraphicstate.code.tex 2023-01-15 v3.1.10 (3.1.10)
\pgflinewidth=\dimen185
) (c:/Users/jamespustejovsky/AppData/Roaming/TinyTeX/texmf-dist/tex/generic/pgf/basiclayer/pgfcoretransformations.code.tex
File: pgfcoretransformations.code.tex 2023-01-15 v3.1.10 (3.1.10)
\pgf@pt@x=\dimen186
\pgf@pt@y=\dimen187
\pgf@pt@temp=\dimen188
) (c:/Users/jamespustejovsky/AppData/Roaming/TinyTeX/texmf-dist/tex/generic/pgf/basiclayer/pgfcorequick.code.tex
File: pgfcorequick.code.tex 2023-01-15 v3.1.10 (3.1.10)
) (c:/Users/jamespustejovsky/AppData/Roaming/TinyTeX/texmf-dist/tex/generic/pgf/basiclayer/pgfcoreobjects.code.tex
File: pgfcoreobjects.code.tex 2023-01-15 v3.1.10 (3.1.10)
) (c:/Users/jamespustejovsky/AppData/Roaming/TinyTeX/texmf-dist/tex/generic/pgf/basiclayer/pgfcorepathprocessing.code.tex
File: pgfcorepathprocessing.code.tex 2023-01-15 v3.1.10 (3.1.10)
) (c:/Users/jamespustejovsky/AppData/Roaming/TinyTeX/texmf-dist/tex/generic/pgf/basiclayer/pgfcorearrows.code.tex
File: pgfcorearrows.code.tex 2023-01-15 v3.1.10 (3.1.10)
\pgfarrowsep=\dimen189
) (c:/Users/jamespustejovsky/AppData/Roaming/TinyTeX/texmf-dist/tex/generic/pgf/basiclayer/pgfcoreshade.code.tex
File: pgfcoreshade.code.tex 2023-01-15 v3.1.10 (3.1.10)
\pgf@max=\dimen190
\pgf@sys@shading@range@num=\count287
\pgf@shadingcount=\count288
) (c:/Users/jamespustejovsky/AppData/Roaming/TinyTeX/texmf-dist/tex/generic/pgf/basiclayer/pgfcoreimage.code.tex
File: pgfcoreimage.code.tex 2023-01-15 v3.1.10 (3.1.10)
) (c:/Users/jamespustejovsky/AppData/Roaming/TinyTeX/texmf-dist/tex/generic/pgf/basiclayer/pgfcoreexternal.code.tex
File: pgfcoreexternal.code.tex 2023-01-15 v3.1.10 (3.1.10)
\pgfexternal@startupbox=\box57
) (c:/Users/jamespustejovsky/AppData/Roaming/TinyTeX/texmf-dist/tex/generic/pgf/basiclayer/pgfcorelayers.code.tex
File: pgfcorelayers.code.tex 2023-01-15 v3.1.10 (3.1.10)
) (c:/Users/jamespustejovsky/AppData/Roaming/TinyTeX/texmf-dist/tex/generic/pgf/basiclayer/pgfcoretransparency.code.tex
File: pgfcoretransparency.code.tex 2023-01-15 v3.1.10 (3.1.10)
) (c:/Users/jamespustejovsky/AppData/Roaming/TinyTeX/texmf-dist/tex/generic/pgf/basiclayer/pgfcorepatterns.code.tex
File: pgfcorepatterns.code.tex 2023-01-15 v3.1.10 (3.1.10)
) (c:/Users/jamespustejovsky/AppData/Roaming/TinyTeX/texmf-dist/tex/generic/pgf/basiclayer/pgfcorerdf.code.tex
File: pgfcorerdf.code.tex 2023-01-15 v3.1.10 (3.1.10)
))) (c:/Users/jamespustejovsky/AppData/Roaming/TinyTeX/texmf-dist/tex/generic/pgf/modules/pgfmoduleshapes.code.tex
File: pgfmoduleshapes.code.tex 2023-01-15 v3.1.10 (3.1.10)
\pgfnodeparttextbox=\box58
) (c:/Users/jamespustejovsky/AppData/Roaming/TinyTeX/texmf-dist/tex/generic/pgf/modules/pgfmoduleplot.code.tex
File: pgfmoduleplot.code.tex 2023-01-15 v3.1.10 (3.1.10)
) (c:/Users/jamespustejovsky/AppData/Roaming/TinyTeX/texmf-dist/tex/latex/pgf/compatibility/pgfcomp-version-0-65.sty
Package: pgfcomp-version-0-65 2023-01-15 v3.1.10 (3.1.10)
\pgf@nodesepstart=\dimen191
\pgf@nodesepend=\dimen192
) (c:/Users/jamespustejovsky/AppData/Roaming/TinyTeX/texmf-dist/tex/latex/pgf/compatibility/pgfcomp-version-1-18.sty
Package: pgfcomp-version-1-18 2023-01-15 v3.1.10 (3.1.10)
)) (c:/Users/jamespustejovsky/AppData/Roaming/TinyTeX/texmf-dist/tex/latex/pgf/utilities/pgffor.sty (c:/Users/jamespustejovsky/AppData/Roaming/TinyTeX/texmf-dist/tex/latex/pgf/utilities/pgfkeys.sty (c:/Users/jamespustejovsky/AppData/Roaming/TinyTeX/texmf-dist/tex/generic/pgf/utilities/pgfkeys.code.tex)) (c:/Users/jamespustejovsky/AppData/Roaming/TinyTeX/texmf-dist/tex/latex/pgf/math/pgfmath.sty (c:/Users/jamespustejovsky/AppData/Roaming/TinyTeX/texmf-dist/tex/generic/pgf/math/pgfmath.code.tex)) (c:/Users/jamespustejovsky/AppData/Roaming/TinyTeX/texmf-dist/tex/generic/pgf/utilities/pgffor.code.tex
Package: pgffor 2023-01-15 v3.1.10 (3.1.10)
\pgffor@iter=\dimen193
\pgffor@skip=\dimen194
\pgffor@stack=\toks29
\pgffor@toks=\toks30
)) (c:/Users/jamespustejovsky/AppData/Roaming/TinyTeX/texmf-dist/tex/generic/pgf/frontendlayer/tikz/tikz.code.tex
Package: tikz 2023-01-15 v3.1.10 (3.1.10)
(c:/Users/jamespustejovsky/AppData/Roaming/TinyTeX/texmf-dist/tex/generic/pgf/libraries/pgflibraryplothandlers.code.tex
File: pgflibraryplothandlers.code.tex 2023-01-15 v3.1.10 (3.1.10)
\pgf@plot@mark@count=\count289
\pgfplotmarksize=\dimen195
)
\tikz@lastx=\dimen196
\tikz@lasty=\dimen197
\tikz@lastxsaved=\dimen198
\tikz@lastysaved=\dimen199
\tikz@lastmovetox=\dimen256
\tikz@lastmovetoy=\dimen257
\tikzleveldistance=\dimen258
\tikzsiblingdistance=\dimen259
\tikz@figbox=\box59
\tikz@figbox@bg=\box60
\tikz@tempbox=\box61
\tikz@tempbox@bg=\box62
\tikztreelevel=\count290
\tikznumberofchildren=\count291
\tikznumberofcurrentchild=\count292
\tikz@fig@count=\count293
(c:/Users/jamespustejovsky/AppData/Roaming/TinyTeX/texmf-dist/tex/generic/pgf/modules/pgfmodulematrix.code.tex
File: pgfmodulematrix.code.tex 2023-01-15 v3.1.10 (3.1.10)
\pgfmatrixcurrentrow=\count294
\pgfmatrixcurrentcolumn=\count295
\pgf@matrix@numberofcolumns=\count296
)
\tikz@expandcount=\count297
(c:/Users/jamespustejovsky/AppData/Roaming/TinyTeX/texmf-dist/tex/generic/pgf/frontendlayer/tikz/libraries/tikzlibrarytopaths.code.tex
File: tikzlibrarytopaths.code.tex 2023-01-15 v3.1.10 (3.1.10)
))) (c:/Users/jamespustejovsky/AppData/Roaming/TinyTeX/texmf-dist/tex/latex/hyperref/hyperref.sty
Package: hyperref 2024-11-05 v7.01l Hypertext links for LaTeX
(c:/Users/jamespustejovsky/AppData/Roaming/TinyTeX/texmf-dist/tex/latex/kvsetkeys/kvsetkeys.sty
Package: kvsetkeys 2022-10-05 v1.19 Key value parser (HO)
) (c:/Users/jamespustejovsky/AppData/Roaming/TinyTeX/texmf-dist/tex/generic/kvdefinekeys/kvdefinekeys.sty
Package: kvdefinekeys 2019-12-19 v1.6 Define keys (HO)
) (c:/Users/jamespustejovsky/AppData/Roaming/TinyTeX/texmf-dist/tex/generic/pdfescape/pdfescape.sty
Package: pdfescape 2019/12/09 v1.15 Implements pdfTeX's escape features (HO)
(c:/Users/jamespustejovsky/AppData/Roaming/TinyTeX/texmf-dist/tex/generic/ltxcmds/ltxcmds.sty
Package: ltxcmds 2023-12-04 v1.26 LaTeX kernel commands for general use (HO)
) (c:/Users/jamespustejovsky/AppData/Roaming/TinyTeX/texmf-dist/tex/generic/pdftexcmds/pdftexcmds.sty
Package: pdftexcmds 2020-06-27 v0.33 Utility functions of pdfTeX for LuaTeX (HO)
(c:/Users/jamespustejovsky/AppData/Roaming/TinyTeX/texmf-dist/tex/generic/infwarerr/infwarerr.sty
Package: infwarerr 2019/12/03 v1.5 Providing info/warning/error messages (HO)
)
Package pdftexcmds Info: \pdf@primitive is available.
Package pdftexcmds Info: \pdf@ifprimitive is available.
Package pdftexcmds Info: \pdfdraftmode found.
)) (c:/Users/jamespustejovsky/AppData/Roaming/TinyTeX/texmf-dist/tex/latex/hycolor/hycolor.sty
Package: hycolor 2020-01-27 v1.10 Color options for hyperref/bookmark (HO)
) (c:/Users/jamespustejovsky/AppData/Roaming/TinyTeX/texmf-dist/tex/latex/hyperref/nameref.sty
Package: nameref 2023-11-26 v2.56 Cross-referencing by name of section
(c:/Users/jamespustejovsky/AppData/Roaming/TinyTeX/texmf-dist/tex/latex/refcount/refcount.sty
Package: refcount 2019/12/15 v3.6 Data extraction from label references (HO)
) (c:/Users/jamespustejovsky/AppData/Roaming/TinyTeX/texmf-dist/tex/generic/gettitlestring/gettitlestring.sty
Package: gettitlestring 2019/12/15 v1.6 Cleanup title references (HO)
(c:/Users/jamespustejovsky/AppData/Roaming/TinyTeX/texmf-dist/tex/latex/kvoptions/kvoptions.sty
Package: kvoptions 2022-06-15 v3.15 Key value format for package options (HO)
))
\c@section@level=\count298
) (c:/Users/jamespustejovsky/AppData/Roaming/TinyTeX/texmf-dist/tex/generic/stringenc/stringenc.sty
Package: stringenc 2019/11/29 v1.12 Convert strings between diff. encodings (HO)
)
\@linkdim=\dimen260
\Hy@linkcounter=\count299
\Hy@pagecounter=\count300
(c:/Users/jamespustejovsky/AppData/Roaming/TinyTeX/texmf-dist/tex/latex/hyperref/pd1enc.def
File: pd1enc.def 2024-11-05 v7.01l Hyperref: PDFDocEncoding definition (HO)
Now handling font encoding PD1 ...
... no UTF-8 mapping file for font encoding PD1
) (c:/Users/jamespustejovsky/AppData/Roaming/TinyTeX/texmf-dist/tex/generic/intcalc/intcalc.sty
Package: intcalc 2019/12/15 v1.3 Expandable calculations with integers (HO)
)
\Hy@SavedSpaceFactor=\count301
(c:/Users/jamespustejovsky/AppData/Roaming/TinyTeX/texmf-dist/tex/latex/hyperref/puenc.def
File: puenc.def 2024-11-05 v7.01l Hyperref: PDF Unicode definition (HO)
Now handling font encoding PU ...
... no UTF-8 mapping file for font encoding PU
)
Package hyperref Info: Option `unicode' set `true' on input line 4040.
Package hyperref Info: Hyper figures OFF on input line 4157.
Package hyperref Info: Link nesting OFF on input line 4162.
Package hyperref Info: Hyper index ON on input line 4165.
Package hyperref Info: Plain pages OFF on input line 4172.
Package hyperref Info: Backreferencing OFF on input line 4177.
Package hyperref Info: Implicit mode ON; LaTeX internals redefined.
Package hyperref Info: Bookmarks ON on input line 4424.
\c@Hy@tempcnt=\count302
(c:/Users/jamespustejovsky/AppData/Roaming/TinyTeX/texmf-dist/tex/latex/url/url.sty
\Urlmuskip=\muskip17
Package: url 2013/09/16  ver 3.4  Verb mode for urls, etc.
)
LaTeX Info: Redefining \url on input line 4763.
\XeTeXLinkMargin=\dimen261
(c:/Users/jamespustejovsky/AppData/Roaming/TinyTeX/texmf-dist/tex/generic/bitset/bitset.sty
Package: bitset 2019/12/09 v1.3 Handle bit-vector datatype (HO)
(c:/Users/jamespustejovsky/AppData/Roaming/TinyTeX/texmf-dist/tex/generic/bigintcalc/bigintcalc.sty
Package: bigintcalc 2019/12/15 v1.5 Expandable calculations on big integers (HO)
))
\Fld@menulength=\count303
\Field@Width=\dimen262
\Fld@charsize=\dimen263
Package hyperref Info: Hyper figures OFF on input line 6042.
Package hyperref Info: Link nesting OFF on input line 6047.
Package hyperref Info: Hyper index ON on input line 6050.
Package hyperref Info: backreferencing OFF on input line 6057.
Package hyperref Info: Link coloring OFF on input line 6062.
Package hyperref Info: Link coloring with OCG OFF on input line 6067.
Package hyperref Info: PDF/A mode OFF on input line 6072.
(c:/Users/jamespustejovsky/AppData/Roaming/TinyTeX/texmf-dist/tex/latex/base/atbegshi-ltx.sty
Package: atbegshi-ltx 2021/01/10 v1.0c Emulation of the original atbegshi
package with kernel methods
)
\Hy@abspage=\count304
\c@Item=\count305
\c@Hfootnote=\count306
)
Package hyperref Info: Driver (autodetected): hpdftex.
(c:/Users/jamespustejovsky/AppData/Roaming/TinyTeX/texmf-dist/tex/latex/hyperref/hpdftex.def
File: hpdftex.def 2024-11-05 v7.01l Hyperref driver for pdfTeX
(c:/Users/jamespustejovsky/AppData/Roaming/TinyTeX/texmf-dist/tex/latex/base/atveryend-ltx.sty
Package: atveryend-ltx 2020/08/19 v1.0a Emulation of the original atveryend package
with kernel methods
)
\Fld@listcount=\count307
\c@bookmark@seq@number=\count308
(c:/Users/jamespustejovsky/AppData/Roaming/TinyTeX/texmf-dist/tex/latex/rerunfilecheck/rerunfilecheck.sty
Package: rerunfilecheck 2022-07-10 v1.10 Rerun checks for auxiliary files (HO)
(c:/Users/jamespustejovsky/AppData/Roaming/TinyTeX/texmf-dist/tex/generic/uniquecounter/uniquecounter.sty
Package: uniquecounter 2019/12/15 v1.4 Provide unlimited unique counter (HO)
)
Package uniquecounter Info: New unique counter `rerunfilecheck' on input line 285.
)
\Hy@SectionHShift=\skip61
) (c:/Users/jamespustejovsky/AppData/Roaming/TinyTeX/texmf-dist/tex/generic/pgf/frontendlayer/tikz/libraries/tikzlibrarysvg.path.code.tex
File: tikzlibrarysvg.path.code.tex 2023-01-15 v3.1.10 (3.1.10)
(c:/Users/jamespustejovsky/AppData/Roaming/TinyTeX/texmf-dist/tex/generic/pgf/libraries/pgflibrarysvg.path.code.tex
File: pgflibrarysvg.path.code.tex 2023-01-15 v3.1.10 (3.1.10)
(c:/Users/jamespustejovsky/AppData/Roaming/TinyTeX/texmf-dist/tex/generic/pgf/modules/pgfmoduleparser.code.tex
File: pgfmoduleparser.code.tex 2023-01-15 v3.1.10 (3.1.10)
\pgfparserdef@arg@count=\count309
)
\pgf@lib@svg@last@x=\dimen264
\pgf@lib@svg@last@y=\dimen265
\pgf@lib@svg@last@c@x=\dimen266
\pgf@lib@svg@last@c@y=\dimen267
\pgf@lib@svg@count=\count310
\pgf@lib@svg@max@num=\count311
)) (c:/Users/jamespustejovsky/AppData/Roaming/TinyTeX/texmf-dist/tex/latex/booktabs/booktabs.sty
Package: booktabs 2020/01/12 v1.61803398 Publication quality tables
\heavyrulewidth=\dimen268
\lightrulewidth=\dimen269
\cmidrulewidth=\dimen270
\belowrulesep=\dimen271
\belowbottomsep=\dimen272
\aboverulesep=\dimen273
\abovetopsep=\dimen274
\cmidrulesep=\dimen275
\cmidrulekern=\dimen276
\defaultaddspace=\dimen277
\@cmidla=\count312
\@cmidlb=\count313
\@aboverulesep=\dimen278
\@belowrulesep=\dimen279
\@thisruleclass=\count314
\@lastruleclass=\count315
\@thisrulewidth=\dimen280
) (c:/Users/jamespustejovsky/AppData/Roaming/TinyTeX/texmf-dist/tex/latex/threeparttable/threeparttable.sty
Package: threeparttable 2003/06/13  v 3.0
\@tempboxb=\box63
)
\b@level@one@skip=\skip62
\e@level@one@skip=\skip63
\b@level@two@skip=\skip64
\e@level@two@skip=\skip65
\b@level@three@skip=\skip66
\e@level@three@skip=\skip67
\b@level@four@skip=\skip68
\e@level@four@skip=\skip69
\b@level@five@skip=\skip70
\e@level@five@skip=\skip71
(c:/Users/jamespustejovsky/AppData/Roaming/TinyTeX/texmf-dist/tex/latex/caption/caption.sty
Package: caption 2023/08/05 v3.6o Customizing captions (AR)
(c:/Users/jamespustejovsky/AppData/Roaming/TinyTeX/texmf-dist/tex/latex/caption/caption3.sty
Package: caption3 2023/07/31 v2.4d caption3 kernel (AR)
\caption@tempdima=\dimen281
\captionmargin=\dimen282
\caption@leftmargin=\dimen283
\caption@rightmargin=\dimen284
\caption@width=\dimen285
\caption@indent=\dimen286
\caption@parindent=\dimen287
\caption@hangindent=\dimen288
Package caption Info: Standard document class detected.
)
\c@caption@flags=\count316
\c@continuedfloat=\count317
Package caption Info: hyperref package is loaded.
Package caption Info: threeparttable package is loaded.
)
\c@APAenum=\count318
\@text@par@indent=\skip72
\gr@box=\box64
\gr@boxwidth=\skip73
\gr@boxheight=\skip74
(c:/Users/jamespustejovsky/AppData/Roaming/TinyTeX/texmf-dist/tex/latex/tools/bm.sty
Package: bm 2023/12/19 v1.2f Bold Symbol Support (DPC/FMi)
\symboldoperators=\mathgroup4
\symboldletters=\mathgroup5
\symboldsymbols=\mathgroup6
Package bm Info: No bold for \OMX/lmex/m/n, using \pmb.
LaTeX Font Info:    Redeclaring math alphabet \mathbf on input line 149.
)
\c@appendix=\count319
(c:/Users/jamespustejovsky/AppData/Roaming/TinyTeX/texmf-dist/tex/latex/fancyhdr/fancyhdr.sty
Package: fancyhdr 2025/02/07 v5.2 Extensive control of page headers and footers
\f@nch@headwidth=\skip75
\f@nch@offset@elh=\skip76
\f@nch@offset@erh=\skip77
\f@nch@offset@olh=\skip78
\f@nch@offset@orh=\skip79
\f@nch@offset@elf=\skip80
\f@nch@offset@erf=\skip81
\f@nch@offset@olf=\skip82
\f@nch@offset@orf=\skip83
\f@nch@height=\skip84
\f@nch@footalignment=\skip85
\f@nch@widthL=\skip86
\f@nch@widthC=\skip87
\f@nch@widthR=\skip88
\@temptokenb=\toks31
) (c:/Users/jamespustejovsky/AppData/Roaming/TinyTeX/texmf-dist/tex/latex/endfloat/endfloat.sty
Package: endfloat 2019/04/15 v2.7 LaTeX2e package puts figures and tables at end (jdm)
\c@posttable=\count320
\efloat@postttt=\write4
\@ef@tttopen=\count321
\c@postfigure=\count322
\efloat@postfff=\write5
\@ef@fffopen=\count323
) (c:/Users/jamespustejovsky/AppData/Roaming/TinyTeX/texmf-dist/tex/latex/float/float.sty
Package: float 2001/11/08 v1.3d Float enhancements (AL)
\c@float@type=\count324
\float@exts=\toks32
\float@box=\box65
\@float@everytoks=\toks33
\@floatcapt=\box66
)) (c:/Users/jamespustejovsky/AppData/Roaming/TinyTeX/texmf-dist/tex/latex/amsmath/amsmath.sty
Package: amsmath 2024/11/05 v2.17t AMS math features
\@mathmargin=\skip89
For additional information on amsmath, use the `?' option.
(c:/Users/jamespustejovsky/AppData/Roaming/TinyTeX/texmf-dist/tex/latex/amsmath/amstext.sty
Package: amstext 2021/08/26 v2.01 AMS text
(c:/Users/jamespustejovsky/AppData/Roaming/TinyTeX/texmf-dist/tex/latex/amsmath/amsgen.sty
File: amsgen.sty 1999/11/30 v2.0 generic functions
\@emptytoks=\toks34
\ex@=\dimen289
)) (c:/Users/jamespustejovsky/AppData/Roaming/TinyTeX/texmf-dist/tex/latex/amsmath/amsbsy.sty
Package: amsbsy 1999/11/29 v1.2d Bold Symbols
LaTeX Info: Redefining \boldsymbol on input line 28.
\pmbraise@=\dimen290
) (c:/Users/jamespustejovsky/AppData/Roaming/TinyTeX/texmf-dist/tex/latex/amsmath/amsopn.sty
Package: amsopn 2022/04/08 v2.04 operator names
)
\inf@bad=\count325
LaTeX Info: Redefining \frac on input line 233.
\uproot@=\count326
\leftroot@=\count327
LaTeX Info: Redefining \overline on input line 398.
LaTeX Info: Redefining \colon on input line 409.
\classnum@=\count328
\DOTSCASE@=\count329
LaTeX Info: Redefining \ldots on input line 495.
LaTeX Info: Redefining \dots on input line 498.
LaTeX Info: Redefining \cdots on input line 619.
\Mathstrutbox@=\box67
\strutbox@=\box68
LaTeX Info: Redefining \big on input line 721.
LaTeX Info: Redefining \Big on input line 722.
LaTeX Info: Redefining \bigg on input line 723.
LaTeX Info: Redefining \Bigg on input line 724.
\big@size=\dimen291
LaTeX Font Info:    Redeclaring font encoding OML on input line 742.
LaTeX Font Info:    Redeclaring font encoding OMS on input line 743.
\macc@depth=\count330
LaTeX Info: Redefining \bmod on input line 904.
LaTeX Info: Redefining \pmod on input line 909.
LaTeX Info: Redefining \smash on input line 939.
LaTeX Info: Redefining \relbar on input line 969.
LaTeX Info: Redefining \Relbar on input line 970.
\c@MaxMatrixCols=\count331
\dotsspace@=\muskip18
\c@parentequation=\count332
\dspbrk@lvl=\count333
\tag@help=\toks35
\row@=\count334
\column@=\count335
\maxfields@=\count336
\andhelp@=\toks36
\eqnshift@=\dimen292
\alignsep@=\dimen293
\tagshift@=\dimen294
\tagwidth@=\dimen295
\totwidth@=\dimen296
\lineht@=\dimen297
\@envbody=\toks37
\multlinegap=\skip90
\multlinetaggap=\skip91
\mathdisplay@stack=\toks38
LaTeX Info: Redefining \[ on input line 2953.
LaTeX Info: Redefining \] on input line 2954.
) (c:/Users/jamespustejovsky/AppData/Roaming/TinyTeX/texmf-dist/tex/latex/amsfonts/amssymb.sty
Package: amssymb 2013/01/14 v3.01 AMS font symbols
(c:/Users/jamespustejovsky/AppData/Roaming/TinyTeX/texmf-dist/tex/latex/amsfonts/amsfonts.sty
Package: amsfonts 2013/01/14 v3.01 Basic AMSFonts support
\symAMSa=\mathgroup7
\symAMSb=\mathgroup8
LaTeX Font Info:    Redeclaring math symbol \hbar on input line 98.
LaTeX Font Info:    Overwriting math alphabet `\mathfrak' in version `bold'
(Font)                  U/euf/m/n --> U/euf/b/n on input line 106.
)) (c:/Users/jamespustejovsky/AppData/Roaming/TinyTeX/texmf-dist/tex/latex/base/fontenc.sty
Package: fontenc 2021/04/29 v2.0v Standard LaTeX package
) (c:/Users/jamespustejovsky/AppData/Roaming/TinyTeX/texmf-dist/tex/latex/base/inputenc.sty
Package: inputenc 2024/02/08 v1.3d Input encoding file
\inpenc@prehook=\toks39
\inpenc@posthook=\toks40
) (c:/Users/jamespustejovsky/AppData/Roaming/TinyTeX/texmf-dist/tex/latex/base/textcomp.sty
Package: textcomp 2024/04/24 v2.1b Standard LaTeX package
) (c:/Users/jamespustejovsky/AppData/Roaming/TinyTeX/texmf-dist/tex/latex/upquote/upquote.sty
Package: upquote 2012/04/19 v1.3 upright-quote and grave-accent glyphs in verbatim
) (c:/Users/jamespustejovsky/AppData/Roaming/TinyTeX/texmf-dist/tex/latex/microtype/microtype.sty
Package: microtype 2025/02/11 v3.2a Micro-typographical refinements (RS)
\MT@toks=\toks41
\MT@tempbox=\box69
\MT@count=\count337
LaTeX Info: Redefining \noprotrusionifhmode on input line 1087.
LaTeX Info: Redefining \leftprotrusion on input line 1088.
\MT@prot@toks=\toks42
LaTeX Info: Redefining \rightprotrusion on input line 1107.
LaTeX Info: Redefining \textls on input line 1449.
\MT@outer@kern=\dimen298
LaTeX Info: Redefining \microtypecontext on input line 2053.
LaTeX Info: Redefining \textmicrotypecontext on input line 2070.
\MT@listname@count=\count338
(c:/Users/jamespustejovsky/AppData/Roaming/TinyTeX/texmf-dist/tex/latex/microtype/microtype-pdftex.def
File: microtype-pdftex.def 2025/02/11 v3.2a Definitions specific to pdftex (RS)
LaTeX Info: Redefining \lsstyle on input line 944.
LaTeX Info: Redefining \lslig on input line 944.
\MT@outer@space=\skip92
)
Package microtype Info: Loading configuration file microtype.cfg.
(c:/Users/jamespustejovsky/AppData/Roaming/TinyTeX/texmf-dist/tex/latex/microtype/microtype.cfg
File: microtype.cfg 2025/02/11 v3.2a microtype main configuration file (RS)
)
LaTeX Info: Redefining \microtypesetup on input line 3065.
) (c:/Users/jamespustejovsky/AppData/Roaming/TinyTeX/texmf-dist/tex/latex/parskip/parskip.sty
Package: parskip 2021-03-14 v2.0h non-zero parskip adjustments
)
\cslhangindent=\skip93
\csllabelwidth=\skip94
(c:/Users/jamespustejovsky/AppData/Roaming/TinyTeX/texmf-dist/tex/generic/babel/babel.sty
Package: babel 2025/03/27 v25.6 The multilingual framework for pdfLaTeX, LuaLaTeX and XeLaTeX
\babel@savecnt=\count339
\U@D=\dimen299
\l@unhyphenated=\language6
(c:/Users/jamespustejovsky/AppData/Roaming/TinyTeX/texmf-dist/tex/generic/babel/txtbabel.def)
\bbl@readstream=\read3
\bbl@dirlevel=\count340
Package babel Info: You haven't specified a language as a class or package
(babel)             option. I'll load 'nil'. Reported on input line 4213.
(c:/Users/jamespustejovsky/AppData/Roaming/TinyTeX/texmf-dist/tex/generic/babel/nil.ldf
Language: nil 2025/03/27 v25.6 Nil language
\l@nil=\language7
)) (c:/Users/jamespustejovsky/AppData/Roaming/TinyTeX/texmf-dist/tex/generic/babel/locale/en/babel-american.tex)
Package babel Info: Importing data for american
(babel)             from babel-en-US.ini. Reported on input line 117.
(c:/Users/jamespustejovsky/AppData/Roaming/TinyTeX/texmf-dist/tex/latex/was/upgreek.sty
Package: upgreek 2003/02/12 v2.0 (WaS)
Package upgreek Info: Using Euler Roman for upright Greek on input line 31.
\symugrf@m=\mathgroup9
LaTeX Font Info:    Overwriting symbol font `ugrf@m' in version `bold'
(Font)                  U/eur/m/n --> U/eur/b/n on input line 38.
) (c:/Users/jamespustejovsky/AppData/Roaming/TinyTeX/texmf-dist/tex/latex/tools/longtable.sty
Package: longtable 2024-10-27 v4.22 Multi-page Table package (DPC)
\LTleft=\skip95
\LTright=\skip96
\LTpre=\skip97
\LTpost=\skip98
\LTchunksize=\count341
\LTcapwidth=\dimen300
\LT@head=\box70
\LT@firsthead=\box71
\LT@foot=\box72
\LT@lastfoot=\box73
\LT@gbox=\box74
\LT@cols=\count342
\LT@rows=\count343
\c@LT@tables=\count344
\c@LT@chunks=\count345
\LT@p@ftn=\toks43
) (c:/Users/jamespustejovsky/AppData/Roaming/TinyTeX/texmf-dist/tex/latex/graphics/lscape.sty
Package: lscape 2020/05/28 v3.02 Landscape Pages (DPC)
) (c:/Users/jamespustejovsky/AppData/Roaming/TinyTeX/texmf-dist/tex/latex/multirow/multirow.sty
Package: multirow 2024/11/12 v2.9 Span multiple rows of a table
\multirow@colwidth=\skip99
\multirow@cntb=\count346
\multirow@dima=\skip100
\bigstrutjot=\dimen301
) (c:/Users/jamespustejovsky/AppData/Roaming/TinyTeX/texmf-dist/tex/latex/tools/tabularx.sty
Package: tabularx 2023/12/11 v2.12a `tabularx' package (DPC)
(c:/Users/jamespustejovsky/AppData/Roaming/TinyTeX/texmf-dist/tex/latex/tools/array.sty
Package: array 2024/10/17 v2.6g Tabular extension package (FMi)
\col@sep=\dimen302
\ar@mcellbox=\box75
\extrarowheight=\dimen303
\NC@list=\toks44
\extratabsurround=\skip101
\backup@length=\skip102
\ar@cellbox=\box76
)
\TX@col@width=\dimen304
\TX@old@table=\dimen305
\TX@old@col=\dimen306
\TX@target=\dimen307
\TX@delta=\dimen308
\TX@cols=\count347
\TX@ftn=\toks45
) (c:/Users/jamespustejovsky/AppData/Roaming/TinyTeX/texmf-dist/tex/latex/threeparttablex/threeparttablex.sty
Package: threeparttablex 2013/07/23 v0.3 by daleif
(c:/Users/jamespustejovsky/AppData/Roaming/TinyTeX/texmf-dist/tex/latex/environ/environ.sty
Package: environ 2014/05/04 v0.3 A new way to define environments
(c:/Users/jamespustejovsky/AppData/Roaming/TinyTeX/texmf-dist/tex/latex/trimspaces/trimspaces.sty
Package: trimspaces 2009/09/17 v1.1 Trim spaces around a token list
))
\TPTL@width=\skip103
)
\longtablewidth=\skip104
Failed to patch abstract.
Failed to patch title.
(c:/Users/jamespustejovsky/AppData/Roaming/TinyTeX/texmf-dist/tex/latex/xpatch/xpatch.sty (c:/Users/jamespustejovsky/AppData/Roaming/TinyTeX/texmf-dist/tex/latex/l3kernel/expl3.sty
Package: expl3 2025-01-18 L3 programming layer (loader) 
(c:/Users/jamespustejovsky/AppData/Roaming/TinyTeX/texmf-dist/tex/latex/l3backend/l3backend-pdftex.def
File: l3backend-pdftex.def 2024-05-08 L3 backend support: PDF output (pdfTeX)
\l__color_backend_stack_int=\count348
\l__pdf_internal_box=\box77
))
Package: xpatch 2020/03/25 v0.3a Extending etoolbox patching commands
(c:/Users/jamespustejovsky/AppData/Roaming/TinyTeX/texmf-dist/tex/latex/l3packages/xparse/xparse.sty
Package: xparse 2024-08-16 L3 Experimental document command parser
)) (c:/Users/jamespustejovsky/AppData/Roaming/TinyTeX/texmf-dist/tex/latex/csquotes/csquotes.sty
Package: csquotes 2024-04-04 v5.2o context-sensitive quotations (JAW)
\csq@reset=\count349
\csq@gtype=\count350
\csq@glevel=\count351
\csq@qlevel=\count352
\csq@maxlvl=\count353
\csq@tshold=\count354
\csq@ltx@everypar=\toks46
(c:/Users/jamespustejovsky/AppData/Roaming/TinyTeX/texmf-dist/tex/latex/csquotes/csquotes.def
File: csquotes.def 2024-04-04 v5.2o csquotes generic definitions (JAW)
)
Package csquotes Info: Trying to load configuration file 'csquotes.cfg'...
Package csquotes Info: ... configuration file loaded successfully.
(c:/Users/jamespustejovsky/AppData/Roaming/TinyTeX/texmf-dist/tex/latex/csquotes/csquotes.cfg
File: csquotes.cfg 
)) (c:/Users/jamespustejovsky/AppData/Roaming/TinyTeX/texmf-dist/tex/latex/tools/multicol.sty
Package: multicol 2024/09/14 v1.9i multicolumn formatting (FMi)
\c@tracingmulticols=\count355
\mult@box=\box78
\multicol@leftmargin=\dimen309
\c@unbalance=\count356
\c@collectmore=\count357
\doublecol@number=\count358
\multicoltolerance=\count359
\multicolpretolerance=\count360
\full@width=\dimen310
\page@free=\dimen311
\premulticols=\dimen312
\postmulticols=\dimen313
\multicolsep=\skip105
\multicolbaselineskip=\skip106
\partial@page=\box79
\last@line=\box80
\mc@boxedresult=\box81
\maxbalancingoverflow=\dimen314
\mult@rightbox=\box82
\mult@grightbox=\box83
\mult@firstbox=\box84
\mult@gfirstbox=\box85
\@tempa=\box86
\@tempa=\box87
\@tempa=\box88
\@tempa=\box89
\@tempa=\box90
\@tempa=\box91
\@tempa=\box92
\@tempa=\box93
\@tempa=\box94
\@tempa=\box95
\@tempa=\box96
\@tempa=\box97
\@tempa=\box98
\@tempa=\box99
\@tempa=\box100
\@tempa=\box101
\@tempa=\box102
\@tempa=\box103
\@tempa=\box104
\@tempa=\box105
\@tempa=\box106
\@tempa=\box107
\@tempa=\box108
\@tempa=\box109
\@tempa=\box110
\@tempa=\box111
\@tempa=\box112
\@tempa=\box113
\@tempa=\box114
\@tempa=\box115
\@tempa=\box116
\@tempa=\box117
\@tempa=\box118
\@tempa=\box119
\@tempa=\box120
\@tempa=\box121
\c@minrows=\count361
\c@columnbadness=\count362
\c@finalcolumnbadness=\count363
\last@try=\dimen315
\multicolovershoot=\dimen316
\multicolundershoot=\dimen317
\mult@nat@firstbox=\box122
\colbreak@box=\box123
\mc@col@check@num=\count364
) (c:/Users/jamespustejovsky/AppData/Roaming/TinyTeX/texmf-dist/tex/latex/amscls/amsthm.sty
Package: amsthm 2020/05/29 v2.20.6
\thm@style=\toks47
\thm@bodyfont=\toks48
\thm@headfont=\toks49
\thm@notefont=\toks50
\thm@headpunct=\toks51
\thm@preskip=\skip107
\thm@postskip=\skip108
\thm@headsep=\skip109
\dth@everypar=\toks52
)
\c@thm=\count365
\c@lem=\count366
(c:/Users/jamespustejovsky/AppData/Roaming/TinyTeX/texmf-dist/tex/latex/subfig/subfig.sty
Package: subfig 2005/06/28 ver: 1.3 subfig package
\c@KVtest=\count367
\sf@farskip=\skip110
\sf@captopadj=\dimen318
\sf@capskip=\skip111
\sf@nearskip=\skip112
\c@subfigure=\count368
\c@subfigure@save=\count369
\c@lofdepth=\count370
\c@subtable=\count371
\c@subtable@save=\count372
\c@lotdepth=\count373
\sf@top=\skip113
\sf@bottom=\skip114
) (c:/Users/jamespustejovsky/AppData/Roaming/TinyTeX/texmf-dist/tex/latex/graphics/rotating.sty
Package: rotating 2016/08/11 v2.16d rotated objects in LaTeX
(c:/Users/jamespustejovsky/AppData/Roaming/TinyTeX/texmf-dist/tex/latex/base/ifthen.sty
Package: ifthen 2024/03/16 v1.1e Standard LaTeX ifthen package (DPC)
)
\c@r@tfl@t=\count374
\rotFPtop=\skip115
\rotFPbot=\skip116
\rot@float@box=\box124
\rot@mess@toks=\toks53
) (c:/Users/jamespustejovsky/AppData/Roaming/TinyTeX/texmf-dist/tex/latex/setspace/setspace.sty
Package: setspace 2022/12/04 v6.7b set line spacing
) (c:/Users/jamespustejovsky/AppData/Roaming/TinyTeX/texmf-dist/tex/latex/bookmark/bookmark.sty
Package: bookmark 2023-12-10 v1.31 PDF bookmarks (HO)
(c:/Users/jamespustejovsky/AppData/Roaming/TinyTeX/texmf-dist/tex/latex/bookmark/bkm-pdftex.def
File: bkm-pdftex.def 2023-12-10 v1.31 bookmark driver for pdfTeX and luaTeX (HO)
\BKM@id=\count375
))
\c@NumberOfAuthors=\count376
\c@NumberOfSuperscripts=\count377

Class apa7 Warning: Deprecated: see documentation for \authorsaffiliations on input line 245.

\c@NumberOfAffiliations=\count378
Package csquotes Info: Checking for multilingual support...
Package csquotes Info: ... found 'babel' package.
Package csquotes Info: Adjusting default style.
Package csquotes Info: Redefining alias 'default' -> 'american'.
(./selection_models_draft.aux)
\openout1 = `selection_models_draft.aux'.

LaTeX Font Info:    Checking defaults for OML/cmm/m/it on input line 255.
LaTeX Font Info:    ... okay on input line 255.
LaTeX Font Info:    Checking defaults for OMS/cmsy/m/n on input line 255.
LaTeX Font Info:    ... okay on input line 255.
LaTeX Font Info:    Checking defaults for OT1/cmr/m/n on input line 255.
LaTeX Font Info:    ... okay on input line 255.
LaTeX Font Info:    Checking defaults for T1/cmr/m/n on input line 255.
LaTeX Font Info:    ... okay on input line 255.
LaTeX Font Info:    Checking defaults for TS1/cmr/m/n on input line 255.
LaTeX Font Info:    ... okay on input line 255.
LaTeX Font Info:    Checking defaults for OMX/cmex/m/n on input line 255.
LaTeX Font Info:    ... okay on input line 255.
LaTeX Font Info:    Checking defaults for U/cmr/m/n on input line 255.
LaTeX Font Info:    ... okay on input line 255.
LaTeX Font Info:    Checking defaults for PD1/pdf/m/n on input line 255.
LaTeX Font Info:    ... okay on input line 255.
LaTeX Font Info:    Checking defaults for PU/pdf/m/n on input line 255.
LaTeX Font Info:    ... okay on input line 255.
*geometry* driver: auto-detecting
*geometry* detected driver: pdftex
*geometry* verbose mode - [ preamble ] result:
* driver: pdftex
* paper: <default>
* layout: <same size as paper>
* layoutoffset:(h,v)=(0.0pt,0.0pt)
* modes: 
* h-part:(L,W,R)=(72.26999pt, 469.75502pt, 72.26999pt)
* v-part:(T,H,B)=(72.26999pt, 650.43001pt, 72.26999pt)
* \paperwidth=614.295pt
* \paperheight=794.96999pt
* \textwidth=469.75502pt
* \textheight=650.43001pt
* \oddsidemargin=0.0pt
* \evensidemargin=0.0pt
* \topmargin=-40.2pt
* \headheight=15.2pt
* \headsep=25.0pt
* \topskip=12.0pt
* \footskip=30.0pt
* \marginparwidth=95.0pt
* \marginparsep=10.0pt
* \columnsep=10.0pt
* \skip\footins=10.8pt plus 4.0pt minus 2.0pt
* \hoffset=0.0pt
* \voffset=0.0pt
* \mag=1000
* \@twocolumnfalse
* \@twosidefalse
* \@mparswitchfalse
* \@reversemarginfalse
* (1in=72.27pt=25.4mm, 1cm=28.453pt)

(c:/Users/jamespustejovsky/AppData/Roaming/TinyTeX/texmf-dist/tex/latex/epstopdf-pkg/epstopdf-base.sty
Package: epstopdf-base 2020-01-24 v2.11 Base part for package epstopdf
Package epstopdf-base Info: Redefining graphics rule for `.eps' on input line 485.
(c:/Users/jamespustejovsky/AppData/Roaming/TinyTeX/texmf-dist/tex/latex/latexconfig/epstopdf-sys.cfg
File: epstopdf-sys.cfg 2010/07/13 v1.3 Configuration of (r)epstopdf for TeX Live
))
Package hyperref Info: Link coloring OFF on input line 255.
(c:/Users/jamespustejovsky/AppData/Roaming/TinyTeX/texmf-dist/tex/latex/apa7/config/APA7american.txt
File: APA7american.txt 2020/12/02 v1.02 apa7 configuration for American English
)
Package caption Info: Begin \AtBeginDocument code.
Package caption Info: subfig package v1.3 is loaded.
Package caption Info: float package is loaded.
Package caption Info: longtable package is loaded.
(c:/Users/jamespustejovsky/AppData/Roaming/TinyTeX/texmf-dist/tex/latex/caption/ltcaption.sty
Package: ltcaption 2021/01/08 v1.4c longtable captions (AR)
)
Package caption Info: rotating package is loaded.
Package caption Info: End \AtBeginDocument code.
LaTeX Info: Redefining \microtypecontext on input line 255.
Package microtype Info: Applying patch `item' on input line 255.
Package microtype Info: Applying patch `toc' on input line 255.
Package microtype Info: Applying patch `eqnum' on input line 255.

Package microtype Warning: Unable to apply patch `footnote' on input line 255.

Package microtype Info: Applying patch `verbatim' on input line 255.
LaTeX Info: Redefining \microtypesetup on input line 255.
Package microtype Info: Generating PDF output.
Package microtype Info: Character protrusion enabled (level 2).
Package microtype Info: Using protrusion set `basicmath'.
Package microtype Info: Automatic font expansion enabled (level 2),
(microtype)             stretch: 20, shrink: 20, step: 1, non-selected.
Package microtype Info: Using default expansion set `alltext-nott'.
LaTeX Info: Redefining \showhyphens on input line 255.
Package microtype Info: No adjustment of tracking.
Package microtype Info: No adjustment of interword spacing.
Package microtype Info: No adjustment of character kerning.
(c:/Users/jamespustejovsky/AppData/Roaming/TinyTeX/texmf-dist/tex/latex/microtype/mt-cmr.cfg
File: mt-cmr.cfg 2013/05/19 v2.2 microtype config. file: Computer Modern Roman (RS)
)
Couldn't patch \deferred@thm@head!
LaTeX Font Info:    Trying to load font information for OT1+lmr on input line 256.
(c:/Users/jamespustejovsky/AppData/Roaming/TinyTeX/texmf-dist/tex/latex/lm/ot1lmr.fd
File: ot1lmr.fd 2015/05/01 v1.6.1 Font defs for Latin Modern
)
LaTeX Font Info:    Trying to load font information for OML+lmm on input line 256.
(c:/Users/jamespustejovsky/AppData/Roaming/TinyTeX/texmf-dist/tex/latex/lm/omllmm.fd
File: omllmm.fd 2015/05/01 v1.6.1 Font defs for Latin Modern
)
LaTeX Font Info:    Trying to load font information for OMS+lmsy on input line 256.
(c:/Users/jamespustejovsky/AppData/Roaming/TinyTeX/texmf-dist/tex/latex/lm/omslmsy.fd
File: omslmsy.fd 2015/05/01 v1.6.1 Font defs for Latin Modern
)
LaTeX Font Info:    Trying to load font information for OMX+lmex on input line 256.
(c:/Users/jamespustejovsky/AppData/Roaming/TinyTeX/texmf-dist/tex/latex/lm/omxlmex.fd
File: omxlmex.fd 2015/05/01 v1.6.1 Font defs for Latin Modern
)
LaTeX Font Info:    External font `lmex10' loaded for size
(Font)              <12> on input line 256.
LaTeX Font Info:    External font `lmex10' loaded for size
(Font)              <8> on input line 256.
LaTeX Font Info:    External font `lmex10' loaded for size
(Font)              <6> on input line 256.
LaTeX Font Info:    Trying to load font information for U+msa on input line 256.
(c:/Users/jamespustejovsky/AppData/Roaming/TinyTeX/texmf-dist/tex/latex/amsfonts/umsa.fd
File: umsa.fd 2013/01/14 v3.01 AMS symbols A
) (c:/Users/jamespustejovsky/AppData/Roaming/TinyTeX/texmf-dist/tex/latex/microtype/mt-msa.cfg
File: mt-msa.cfg 2006/02/04 v1.1 microtype config. file: AMS symbols (a) (RS)
)
LaTeX Font Info:    Trying to load font information for U+msb on input line 256.
(c:/Users/jamespustejovsky/AppData/Roaming/TinyTeX/texmf-dist/tex/latex/amsfonts/umsb.fd
File: umsb.fd 2013/01/14 v3.01 AMS symbols B
) (c:/Users/jamespustejovsky/AppData/Roaming/TinyTeX/texmf-dist/tex/latex/microtype/mt-msb.cfg
File: mt-msb.cfg 2005/06/01 v1.0 microtype config. file: AMS symbols (b) (RS)
) (c:/Users/jamespustejovsky/AppData/Roaming/TinyTeX/texmf-dist/tex/latex/microtype/mt-eur.cfg
File: mt-eur.cfg 2006/07/31 v1.1 microtype config. file: AMS Euler Roman (RS)
)

[1{c:/Users/jamespustejovsky/AppData/Roaming/TinyTeX/texmf-var/fonts/map/pdftex/updmap/pdftex.map}{c:/Users/jamespustejovsky/AppData/Roaming/TinyTeX/texmf-dist/fonts/enc/dvips/lm/lm-ec.enc}

]

[2]

[3]
LaTeX Font Info:    External font `lmex10' loaded for size
(Font)              <10> on input line 270.
LaTeX Font Info:    External font `lmex10' loaded for size
(Font)              <7> on input line 270.
LaTeX Font Info:    External font `lmex10' loaded for size
(Font)              <5> on input line 270.


[4{c:/Users/jamespustejovsky/AppData/Roaming/TinyTeX/texmf-dist/fonts/enc/dvips/lm/lm-mathit.enc}{c:/Users/jamespustejovsky/AppData/Roaming/TinyTeX/texmf-dist/fonts/enc/dvips/lm/lm-rm.enc}]

[5]

[6]

[7]

[8]

[9]

[10{c:/Users/jamespustejovsky/AppData/Roaming/TinyTeX/texmf-dist/fonts/enc/dvips/lm/lm-mathsy.enc}{c:/Users/jamespustejovsky/AppData/Roaming/TinyTeX/texmf-dist/fonts/enc/dvips/lm/lm-mathex.enc}]

[11]
<selection_models_draft_files/figure-latex/step-functions-1.pdf, id=88, 361.35pt x 252.945pt>
File: selection_models_draft_files/figure-latex/step-functions-1.pdf Graphic file (type pdf)
<use selection_models_draft_files/figure-latex/step-functions-1.pdf>
Package pdftex.def Info: selection_models_draft_files/figure-latex/step-functions-1.pdf  used on input line 401.
(pdftex.def)             Requested size: 230.18251pt x 161.12776pt.
<selection_models_draft_files/figure-latex/step-functions-2.pdf, id=89, 361.35pt x 252.945pt>
File: selection_models_draft_files/figure-latex/step-functions-2.pdf Graphic file (type pdf)
<use selection_models_draft_files/figure-latex/step-functions-2.pdf>
Package pdftex.def Info: selection_models_draft_files/figure-latex/step-functions-2.pdf  used on input line 401.
(pdftex.def)             Requested size: 230.18251pt x 161.12776pt.


[12 <./selection_models_draft_files/figure-latex/step-functions-1.pdf> <./selection_models_draft_files/figure-latex/step-functions-2.pdf>]

[13]

[14]

[15]

[16]

[17]

[18]

[19]

[20]

[21]
LaTeX Font Info:    Trying to load font information for T1+lmtt on input line 604.
(c:/Users/jamespustejovsky/AppData/Roaming/TinyTeX/texmf-dist/tex/latex/lm/t1lmtt.fd
File: t1lmtt.fd 2015/05/01 v1.6.1 Font defs for Latin Modern
)

[22]

[23]

[24]

[25]

[26]

[27]
Overfull \hbox (12.50217pt too wide) in paragraph at lines 768--782
 [][] 
 []



[28]

[29]

[30]
<selection_models_draft_files/figure-latex/mu-bias-1.pdf, id=265, 722.7pt x 542.025pt>
File: selection_models_draft_files/figure-latex/mu-bias-1.pdf Graphic file (type pdf)
<use selection_models_draft_files/figure-latex/mu-bias-1.pdf>
Package pdftex.def Info: selection_models_draft_files/figure-latex/mu-bias-1.pdf  used on input line 846.
(pdftex.def)             Requested size: 650.43501pt x 487.82625pt.


[31]

[32 <./selection_models_draft_files/figure-latex/mu-bias-1.pdf>]
<selection_models_draft_files/figure-latex/mu-rmse-1.pdf, id=290, 722.7pt x 542.025pt>
File: selection_models_draft_files/figure-latex/mu-rmse-1.pdf Graphic file (type pdf)
<use selection_models_draft_files/figure-latex/mu-rmse-1.pdf>
Package pdftex.def Info: selection_models_draft_files/figure-latex/mu-rmse-1.pdf  used on input line 869.
(pdftex.def)             Requested size: 650.43501pt x 487.82625pt.


[33]

[34 <./selection_models_draft_files/figure-latex/mu-rmse-1.pdf>]

[35]
<selection_models_draft_files/figure-latex/comparison-coverage-1.pdf, id=334, 722.7pt x 542.025pt>
File: selection_models_draft_files/figure-latex/comparison-coverage-1.pdf Graphic file (type pdf)
<use selection_models_draft_files/figure-latex/comparison-coverage-1.pdf>
Package pdftex.def Info: selection_models_draft_files/figure-latex/comparison-coverage-1.pdf  used on input line 907.
(pdftex.def)             Requested size: 650.43501pt x 487.82625pt.


[36]

[37 <./selection_models_draft_files/figure-latex/comparison-coverage-1.pdf>]
<selection_models_draft_files/figure-latex/CML-coverage-1.pdf, id=361, 722.7pt x 397.485pt>
File: selection_models_draft_files/figure-latex/CML-coverage-1.pdf Graphic file (type pdf)
<use selection_models_draft_files/figure-latex/CML-coverage-1.pdf>
Package pdftex.def Info: selection_models_draft_files/figure-latex/CML-coverage-1.pdf  used on input line 918.
(pdftex.def)             Requested size: 650.43501pt x 357.73926pt.


[38]

[39 <./selection_models_draft_files/figure-latex/CML-coverage-1.pdf>]

[40]

[41]

[42]

[43]

[44]
LaTeX Font Info:    Trying to load font information for TS1+lmr on input line 996.
(c:/Users/jamespustejovsky/AppData/Roaming/TinyTeX/texmf-dist/tex/latex/lm/ts1lmr.fd
File: ts1lmr.fd 2015/05/01 v1.6.1 Font defs for Latin Modern
)

[45{c:/Users/jamespustejovsky/AppData/Roaming/TinyTeX/texmf-dist/fonts/enc/dvips/lm/lm-ts1.enc}]

[46]

[47]

[48]

[49]

[50]

[51]

[52]

[53]

[54]
pdfTeX warning (ext4): destination with the same identifier (name{equation.1}) has been already used, duplicate ignored
<to be read again> 
                   \relax 
l.1293 \end{align}
                  
pdfTeX warning (ext4): destination with the same identifier (name{equation.2}) has been already used, duplicate ignored
<to be read again> 
                   \relax 
l.1297 \begin{equation}
                       
pdfTeX warning (ext4): destination with the same identifier (name{equation.2}) has been already used, duplicate ignored
<to be read again> 
                   \relax 
l.1297 \begin{equation}
                       
pdfTeX warning (ext4): destination with the same identifier (name{equation.2}) has been already used, duplicate ignored
<to be read again> 
                   \relax 
l.1297 \begin{equation}
                       
pdfTeX warning (ext4): destination with the same identifier (name{equation.2}) has been already used, duplicate ignored
<to be read again> 
                   \relax 
l.1297 \begin{equation}
                       
pdfTeX warning (ext4): destination with the same identifier (name{equation.3}) has been already used, duplicate ignored
<to be read again> 
                   \relax 
l.1301 \begin{equation}
                       
pdfTeX warning (ext4): destination with the same identifier (name{equation.3}) has been already used, duplicate ignored
<to be read again> 
                   \relax 
l.1301 \begin{equation}
                       
pdfTeX warning (ext4): destination with the same identifier (name{equation.3}) has been already used, duplicate ignored
<to be read again> 
                   \relax 
l.1301 \begin{equation}
                       
pdfTeX warning (ext4): destination with the same identifier (name{equation.3}) has been already used, duplicate ignored
<to be read again> 
                   \relax 
l.1301 \begin{equation}
                       
pdfTeX warning (ext4): destination with the same identifier (name{equation.4}) has been already used, duplicate ignored
<to be read again> 
                   \relax 
l.1305 \begin{equation}
                       
pdfTeX warning (ext4): destination with the same identifier (name{equation.4}) has been already used, duplicate ignored
<to be read again> 
                   \relax 
l.1305 \begin{equation}
                       
pdfTeX warning (ext4): destination with the same identifier (name{equation.4}) has been already used, duplicate ignored
<to be read again> 
                   \relax 
l.1305 \begin{equation}
                       
pdfTeX warning (ext4): destination with the same identifier (name{equation.4}) has been already used, duplicate ignored
<to be read again> 
                   \relax 
l.1305 \begin{equation}
                       
pdfTeX warning (ext4): destination with the same identifier (name{equation.5}) has been already used, duplicate ignored
<to be read again> 
                   \relax 
l.1318 \end{align}
                  
pdfTeX warning (ext4): destination with the same identifier (name{equation.6}) has been already used, duplicate ignored
<to be read again> 
                   \relax 
l.1318 \end{align}
                  
pdfTeX warning (ext4): destination with the same identifier (name{equation.7}) has been already used, duplicate ignored
<to be read again> 
                   \relax 
l.1318 \end{align}
                  
pdfTeX warning (ext4): destination with the same identifier (name{equation.8}) has been already used, duplicate ignored
<to be read again> 
                   \relax 
l.1318 \end{align}
                  

[55

]
pdfTeX warning (ext4): destination with the same identifier (name{equation.9}) has been already used, duplicate ignored
<to be read again> 
                   \relax 
l.1331 \end{align}
                  
pdfTeX warning (ext4): destination with the same identifier (name{equation.10}) has been already used, duplicate ignored
<to be read again> 
                   \relax 
l.1331 \end{align}
                  
pdfTeX warning (ext4): destination with the same identifier (name{equation.11}) has been already used, duplicate ignored
<to be read again> 
                   \relax 
l.1331 \end{align}
                  
pdfTeX warning (ext4): destination with the same identifier (name{equation.12}) has been already used, duplicate ignored
<to be read again> 
                   \relax 
l.1331 \end{align}
                  
pdfTeX warning (ext4): destination with the same identifier (name{equation.13}) has been already used, duplicate ignored
<to be read again> 
                   \relax 
l.1331 \end{align}
                  
pdfTeX warning (ext4): destination with the same identifier (name{equation.14}) has been already used, duplicate ignored
<to be read again> 
                   \relax 
l.1331 \end{align}
                  
pdfTeX warning (ext4): destination with the same identifier (name{equation.15}) has been already used, duplicate ignored
<to be read again> 
                   \relax 
l.1339 \end{align}
                  
pdfTeX warning (ext4): destination with the same identifier (name{equation.16}) has been already used, duplicate ignored
<to be read again> 
                   \relax 
l.1339 \end{align}
                  
pdfTeX warning (ext4): destination with the same identifier (name{equation.17}) has been already used, duplicate ignored
<to be read again> 
                   \relax 
l.1339 \end{align}
                  
pdfTeX warning (ext4): destination with the same identifier (name{equation.18}) has been already used, duplicate ignored
<to be read again> 
                   \relax 
l.1339 \end{align}
                  
pdfTeX warning (ext4): destination with the same identifier (name{equation.19}) has been already used, duplicate ignored
<to be read again> 
                   \relax 
l.1339 \end{align}
                  

[56]

[57]
pdfTeX warning (ext4): destination with the same identifier (name{equation.1}) has been already used, duplicate ignored
<to be read again> 
                   \relax 
l.1347 \begin{equation}
                       
pdfTeX warning (ext4): destination with the same identifier (name{equation.1}) has been already used, duplicate ignored
<to be read again> 
                   \relax 
l.1347 \begin{equation}
                       
pdfTeX warning (ext4): destination with the same identifier (name{equation.1}) has been already used, duplicate ignored
<to be read again> 
                   \relax 
l.1347 \begin{equation}
                       
pdfTeX warning (ext4): destination with the same identifier (name{equation.1}) has been already used, duplicate ignored
<to be read again> 
                   \relax 
l.1347 \begin{equation}
                       
pdfTeX warning (ext4): destination with the same identifier (name{equation.2}) has been already used, duplicate ignored
<to be read again> 
                   \relax 
l.1353 \begin{equation}
                       
pdfTeX warning (ext4): destination with the same identifier (name{equation.2}) has been already used, duplicate ignored
<to be read again> 
                   \relax 
l.1353 \begin{equation}
                       
pdfTeX warning (ext4): destination with the same identifier (name{equation.2}) has been already used, duplicate ignored
<to be read again> 
                   \relax 
l.1353 \begin{equation}
                       
pdfTeX warning (ext4): destination with the same identifier (name{equation.2}) has been already used, duplicate ignored
<to be read again> 
                   \relax 
l.1353 \begin{equation}
                       

[58

]

[59]

[60

]

[61]
<selection_models_draft_files/figure-latex/convergence-rates-1.pdf, id=655, 722.7pt x 542.025pt>
File: selection_models_draft_files/figure-latex/convergence-rates-1.pdf Graphic file (type pdf)
<use selection_models_draft_files/figure-latex/convergence-rates-1.pdf>
Package pdftex.def Info: selection_models_draft_files/figure-latex/convergence-rates-1.pdf  used on input line 1422.
(pdftex.def)             Requested size: 650.43501pt x 487.82625pt.
<selection_models_draft_files/figure-latex/rmse-ARGL-CML-1.pdf, id=656, 722.7pt x 542.025pt>
File: selection_models_draft_files/figure-latex/rmse-ARGL-CML-1.pdf Graphic file (type pdf)
<use selection_models_draft_files/figure-latex/rmse-ARGL-CML-1.pdf>
Package pdftex.def Info: selection_models_draft_files/figure-latex/rmse-ARGL-CML-1.pdf  used on input line 1426.
(pdftex.def)             Requested size: 650.43501pt x 487.82625pt.
<selection_models_draft_files/figure-latex/rmse-CHE-CML-1.pdf, id=657, 722.7pt x 542.025pt>
File: selection_models_draft_files/figure-latex/rmse-CHE-CML-1.pdf Graphic file (type pdf)
<use selection_models_draft_files/figure-latex/rmse-CHE-CML-1.pdf>
Package pdftex.def Info: selection_models_draft_files/figure-latex/rmse-CHE-CML-1.pdf  used on input line 1430.
(pdftex.def)             Requested size: 650.43501pt x 487.82625pt.
<selection_models_draft_files/figure-latex/rmse-CHE-ARGL-1.pdf, id=658, 722.7pt x 542.025pt>
File: selection_models_draft_files/figure-latex/rmse-CHE-ARGL-1.pdf Graphic file (type pdf)
<use selection_models_draft_files/figure-latex/rmse-CHE-ARGL-1.pdf>
Package pdftex.def Info: selection_models_draft_files/figure-latex/rmse-CHE-ARGL-1.pdf  used on input line 1434.
(pdftex.def)             Requested size: 650.43501pt x 487.82625pt.
<selection_models_draft_files/figure-latex/rmse-PET-CML-1.pdf, id=659, 722.7pt x 542.025pt>
File: selection_models_draft_files/figure-latex/rmse-PET-CML-1.pdf Graphic file (type pdf)
<use selection_models_draft_files/figure-latex/rmse-PET-CML-1.pdf>
Package pdftex.def Info: selection_models_draft_files/figure-latex/rmse-PET-CML-1.pdf  used on input line 1438.
(pdftex.def)             Requested size: 650.43501pt x 487.82625pt.
<selection_models_draft_files/figure-latex/rmse-PET-ARGL-1.pdf, id=660, 722.7pt x 542.025pt>
File: selection_models_draft_files/figure-latex/rmse-PET-ARGL-1.pdf Graphic file (type pdf)
<use selection_models_draft_files/figure-latex/rmse-PET-ARGL-1.pdf>
Package pdftex.def Info: selection_models_draft_files/figure-latex/rmse-PET-ARGL-1.pdf  used on input line 1442.
(pdftex.def)             Requested size: 650.43501pt x 487.82625pt.
<selection_models_draft_files/figure-latex/comparison-coverage-full-1.pdf, id=661, 722.7pt x 542.025pt>
File: selection_models_draft_files/figure-latex/comparison-coverage-full-1.pdf Graphic file (type pdf)
<use selection_models_draft_files/figure-latex/comparison-coverage-full-1.pdf>
Package pdftex.def Info: selection_models_draft_files/figure-latex/comparison-coverage-full-1.pdf  used on input line 1446.
(pdftex.def)             Requested size: 650.43501pt x 487.82625pt.
<selection_models_draft_files/figure-latex/CML-coverage-full-1.pdf, id=662, 722.7pt x 469.755pt>
File: selection_models_draft_files/figure-latex/CML-coverage-full-1.pdf Graphic file (type pdf)
<use selection_models_draft_files/figure-latex/CML-coverage-full-1.pdf>
Package pdftex.def Info: selection_models_draft_files/figure-latex/CML-coverage-full-1.pdf  used on input line 1450.
(pdftex.def)             Requested size: 650.43501pt x 422.78276pt.
<selection_models_draft_files/figure-latex/ARGL-coverage-full-1.pdf, id=663, 722.7pt x 469.755pt>
File: selection_models_draft_files/figure-latex/ARGL-coverage-full-1.pdf Graphic file (type pdf)
<use selection_models_draft_files/figure-latex/ARGL-coverage-full-1.pdf>
Package pdftex.def Info: selection_models_draft_files/figure-latex/ARGL-coverage-full-1.pdf  used on input line 1454.
(pdftex.def)             Requested size: 650.43501pt x 422.78276pt.


[62

]

[63 <./selection_models_draft_files/figure-latex/convergence-rates-1.pdf>]

[64 <./selection_models_draft_files/figure-latex/rmse-ARGL-CML-1.pdf>]

[65 <./selection_models_draft_files/figure-latex/rmse-CHE-CML-1.pdf>]

[66 <./selection_models_draft_files/figure-latex/rmse-CHE-ARGL-1.pdf>]

[67 <./selection_models_draft_files/figure-latex/rmse-PET-CML-1.pdf>]

[68 <./selection_models_draft_files/figure-latex/rmse-PET-ARGL-1.pdf>]

[69 <./selection_models_draft_files/figure-latex/comparison-coverage-full-1.pdf>]

[70 <./selection_models_draft_files/figure-latex/CML-coverage-full-1.pdf>]

[71 <./selection_models_draft_files/figure-latex/ARGL-coverage-full-1.pdf>]
<selection_models_draft_files/figure-latex/heterogeneity-bias-1.pdf, id=789, 722.7pt x 469.755pt>
File: selection_models_draft_files/figure-latex/heterogeneity-bias-1.pdf Graphic file (type pdf)
<use selection_models_draft_files/figure-latex/heterogeneity-bias-1.pdf>
Package pdftex.def Info: selection_models_draft_files/figure-latex/heterogeneity-bias-1.pdf  used on input line 1460.
(pdftex.def)             Requested size: 650.43501pt x 422.78276pt.
<selection_models_draft_files/figure-latex/heterogeneity-rmse-1.pdf, id=790, 722.7pt x 469.755pt>
File: selection_models_draft_files/figure-latex/heterogeneity-rmse-1.pdf Graphic file (type pdf)
<use selection_models_draft_files/figure-latex/heterogeneity-rmse-1.pdf>
Package pdftex.def Info: selection_models_draft_files/figure-latex/heterogeneity-rmse-1.pdf  used on input line 1464.
(pdftex.def)             Requested size: 650.43501pt x 422.78276pt.
<selection_models_draft_files/figure-latex/heterogeneity-rmse-CML-CHE-1.pdf, id=791, 722.7pt x 542.025pt>
File: selection_models_draft_files/figure-latex/heterogeneity-rmse-CML-CHE-1.pdf Graphic file (type pdf)
<use selection_models_draft_files/figure-latex/heterogeneity-rmse-CML-CHE-1.pdf>
Package pdftex.def Info: selection_models_draft_files/figure-latex/heterogeneity-rmse-CML-CHE-1.pdf  used on input line 1467.
(pdftex.def)             Requested size: 650.43501pt x 487.82625pt.
<selection_models_draft_files/figure-latex/heterogeneity-rmse-ARGL-CHE-1.pdf, id=792, 722.7pt x 542.025pt>
File: selection_models_draft_files/figure-latex/heterogeneity-rmse-ARGL-CHE-1.pdf Graphic file (type pdf)
<use selection_models_draft_files/figure-latex/heterogeneity-rmse-ARGL-CHE-1.pdf>
Package pdftex.def Info: selection_models_draft_files/figure-latex/heterogeneity-rmse-ARGL-CHE-1.pdf  used on input line 1471.
(pdftex.def)             Requested size: 650.43501pt x 487.82625pt.
<selection_models_draft_files/figure-latex/heterogeneity-rmse-ARGL-CML-1.pdf, id=793, 722.7pt x 542.025pt>
File: selection_models_draft_files/figure-latex/heterogeneity-rmse-ARGL-CML-1.pdf Graphic file (type pdf)
<use selection_models_draft_files/figure-latex/heterogeneity-rmse-ARGL-CML-1.pdf>
Package pdftex.def Info: selection_models_draft_files/figure-latex/heterogeneity-rmse-ARGL-CML-1.pdf  used on input line 1475.
(pdftex.def)             Requested size: 650.43501pt x 487.82625pt.


[72

]

[73 <./selection_models_draft_files/figure-latex/heterogeneity-bias-1.pdf>]

[74 <./selection_models_draft_files/figure-latex/heterogeneity-rmse-1.pdf>]

[75 <./selection_models_draft_files/figure-latex/heterogeneity-rmse-CML-CHE-1.pdf>]

[76 <./selection_models_draft_files/figure-latex/heterogeneity-rmse-ARGL-CHE-1.pdf>]

[77 <./selection_models_draft_files/figure-latex/heterogeneity-rmse-ARGL-CML-1.pdf>]
<selection_models_draft_files/figure-latex/selection-bias-1.pdf, id=869, 722.7pt x 469.755pt>
File: selection_models_draft_files/figure-latex/selection-bias-1.pdf Graphic file (type pdf)
<use selection_models_draft_files/figure-latex/selection-bias-1.pdf>
Package pdftex.def Info: selection_models_draft_files/figure-latex/selection-bias-1.pdf  used on input line 1481.
(pdftex.def)             Requested size: 650.43501pt x 422.78276pt.
<selection_models_draft_files/figure-latex/selection-rmse-1.pdf, id=870, 722.7pt x 469.755pt>
File: selection_models_draft_files/figure-latex/selection-rmse-1.pdf Graphic file (type pdf)
<use selection_models_draft_files/figure-latex/selection-rmse-1.pdf>
Package pdftex.def Info: selection_models_draft_files/figure-latex/selection-rmse-1.pdf  used on input line 1485.
(pdftex.def)             Requested size: 650.43501pt x 422.78276pt.
<selection_models_draft_files/figure-latex/selection-rmse-ARGL-CML-1.pdf, id=871, 722.7pt x 542.025pt>
File: selection_models_draft_files/figure-latex/selection-rmse-ARGL-CML-1.pdf Graphic file (type pdf)
<use selection_models_draft_files/figure-latex/selection-rmse-ARGL-CML-1.pdf>
Package pdftex.def Info: selection_models_draft_files/figure-latex/selection-rmse-ARGL-CML-1.pdf  used on input line 1489.
(pdftex.def)             Requested size: 650.43501pt x 487.82625pt.
<selection_models_draft_files/figure-latex/CML-zeta-coverage-full-1.pdf, id=872, 722.7pt x 469.755pt>
File: selection_models_draft_files/figure-latex/CML-zeta-coverage-full-1.pdf Graphic file (type pdf)
<use selection_models_draft_files/figure-latex/CML-zeta-coverage-full-1.pdf>
Package pdftex.def Info: selection_models_draft_files/figure-latex/CML-zeta-coverage-full-1.pdf  used on input line 1493.
(pdftex.def)             Requested size: 650.43501pt x 422.78276pt.
<selection_models_draft_files/figure-latex/ARGL-zeta-coverage-full-1.pdf, id=873, 722.7pt x 469.755pt>
File: selection_models_draft_files/figure-latex/ARGL-zeta-coverage-full-1.pdf Graphic file (type pdf)
<use selection_models_draft_files/figure-latex/ARGL-zeta-coverage-full-1.pdf>
Package pdftex.def Info: selection_models_draft_files/figure-latex/ARGL-zeta-coverage-full-1.pdf  used on input line 1497.
(pdftex.def)             Requested size: 650.43501pt x 422.78276pt.
AED endfloat: Processing end Figures and Tables

[78

]

[79 <./selection_models_draft_files/figure-latex/selection-bias-1.pdf>]

[80 <./selection_models_draft_files/figure-latex/selection-rmse-1.pdf>]

[81 <./selection_models_draft_files/figure-latex/selection-rmse-ARGL-CML-1.pdf>]

[82 <./selection_models_draft_files/figure-latex/CML-zeta-coverage-full-1.pdf>]

[83 <./selection_models_draft_files/figure-latex/ARGL-zeta-coverage-full-1.pdf>] (./selection_models_draft.aux)
 ***********
LaTeX2e <2024-11-01> patch level 2
L3 programming layer <2020/03/25>
 ***********
 ) 
Here is how much of TeX's memory you used:
 30213 strings out of 475110
 580135 string characters out of 5761178
 997067 words of memory out of 5000000
 52193 multiletter control sequences out of 15000+600000
 649415 words of font info for 208 fonts, out of 8000000 for 9000
 36 hyphenation exceptions out of 8191
 99i,14n,105p,1577b,623s stack positions out of 10000i,1000n,20000p,200000b,200000s

pdfTeX warning (dest): name{Hfootnote.4} has been referenced but does not exist, replaced by a fixed one


pdfTeX warning (dest): name{Hfootnote.3} has been referenced but does not exist, replaced by a fixed one


pdfTeX warning (dest): name{Hfootnote.2} has been referenced but does not exist, replaced by a fixed one


pdfTeX warning (dest): name{Hfootnote.1} has been referenced but does not exist, replaced by a fixed one

<c:/Users/jamespustejovsky/AppData/Roaming/TinyTeX/texmf-dist/fonts/type1/public/lm/lmbx10.pfb><c:/Users/jamespustejovsky/AppData/Roaming/TinyTeX/texmf-dist/fonts/type1/public/lm/lmbx12.pfb><c:/Users/jamespustejovsky/AppData/Roaming/TinyTeX/texmf-dist/fonts/type1/public/lm/lmbxi10.pfb><c:/Users/jamespustejovsky/AppData/Roaming/TinyTeX/texmf-dist/fonts/type1/public/lm/lmex10.pfb><c:/Users/jamespustejovsky/AppData/Roaming/TinyTeX/texmf-dist/fonts/type1/public/lm/lmmi10.pfb><c:/Users/jamespustejovsky/AppData/Roaming/TinyTeX/texmf-dist/fonts/type1/public/lm/lmmi12.pfb><c:/Users/jamespustejovsky/AppData/Roaming/TinyTeX/texmf-dist/fonts/type1/public/lm/lmmi5.pfb><c:/Users/jamespustejovsky/AppData/Roaming/TinyTeX/texmf-dist/fonts/type1/public/lm/lmmi6.pfb><c:/Users/jamespustejovsky/AppData/Roaming/TinyTeX/texmf-dist/fonts/type1/public/lm/lmmi7.pfb><c:/Users/jamespustejovsky/AppData/Roaming/TinyTeX/texmf-dist/fonts/type1/public/lm/lmmi8.pfb><c:/Users/jamespustejovsky/AppData/Roaming/TinyTeX/texmf-dist/fonts/type1/public/lm/lmmib10.pfb><c:/Users/jamespustejovsky/AppData/Roaming/TinyTeX/texmf-dist/fonts/type1/public/lm/lmr10.pfb><c:/Users/jamespustejovsky/AppData/Roaming/TinyTeX/texmf-dist/fonts/type1/public/lm/lmr12.pfb><c:/Users/jamespustejovsky/AppData/Roaming/TinyTeX/texmf-dist/fonts/type1/public/lm/lmr5.pfb><c:/Users/jamespustejovsky/AppData/Roaming/TinyTeX/texmf-dist/fonts/type1/public/lm/lmr7.pfb><c:/Users/jamespustejovsky/AppData/Roaming/TinyTeX/texmf-dist/fonts/type1/public/lm/lmr8.pfb><c:/Users/jamespustejovsky/AppData/Roaming/TinyTeX/texmf-dist/fonts/type1/public/lm/lmri10.pfb><c:/Users/jamespustejovsky/AppData/Roaming/TinyTeX/texmf-dist/fonts/type1/public/lm/lmri12.pfb><c:/Users/jamespustejovsky/AppData/Roaming/TinyTeX/texmf-dist/fonts/type1/public/lm/lmsy10.pfb><c:/Users/jamespustejovsky/AppData/Roaming/TinyTeX/texmf-dist/fonts/type1/public/lm/lmsy6.pfb><c:/Users/jamespustejovsky/AppData/Roaming/TinyTeX/texmf-dist/fonts/type1/public/lm/lmsy7.pfb><c:/Users/jamespustejovsky/AppData/Roaming/TinyTeX/texmf-dist/fonts/type1/public/lm/lmsy8.pfb><c:/Users/jamespustejovsky/AppData/Roaming/TinyTeX/texmf-dist/fonts/type1/public/lm/lmtt12.pfb><c:/Users/jamespustejovsky/AppData/Roaming/TinyTeX/texmf-dist/fonts/type1/public/amsfonts/symbols/msbm10.pfb>
Output written on selection_models_draft.pdf (83 pages, 1906195 bytes).
PDF statistics:
 1233 PDF objects out of 1440 (max. 8388607)
 1033 compressed objects within 11 object streams
 269 named destinations out of 1000 (max. 500000)
 45474 words of extra memory for PDF output out of 51595 (max. 10000000)

