This is pdfTeX, Version 3.141592653-2.6-1.40.29 (TeX Live 2026) (preloaded format=pdflatex 2026.6.18)  22 JUN 2026 16:22
entering extended mode
 restricted \write18 enabled.
 %&-line parsing enabled.
**beta-function-selection-models-with-dependent-effects.tex
(./beta-function-selection-models-with-dependent-effects.tex
LaTeX2e <2026-06-01>
L3 programming layer <2026-05-26>
(c:/Users/jamespustejovsky/AppData/Roaming/TinyTeX/texmf-dist/tex/latex/apa7/apa7.cls
Document Class: apa7 2022/07/25 v2.16 APA formatting (7th edition)
(c:/Users/jamespustejovsky/AppData/Roaming/TinyTeX/texmf-dist/tex/latex/base/article.cls
Document Class: article 2025/01/22 v1.4n Standard LaTeX document class
(c:/Users/jamespustejovsky/AppData/Roaming/TinyTeX/texmf-dist/tex/latex/base/size12.clo
File: size12.clo 2025/01/22 v1.4n Standard LaTeX file (size option)
)
\c@part=\count276
\c@section=\count277
\c@subsection=\count278
\c@subsubsection=\count279
\c@paragraph=\count280
\c@subparagraph=\count281
\c@figure=\count282
\c@table=\count283
\abovecaptionskip=\skip49
\belowcaptionskip=\skip50
\bibindent=\dimen150
) (c:/Users/jamespustejovsky/AppData/Roaming/TinyTeX/texmf-dist/tex/latex/etoolbox/etoolbox.sty
Package: etoolbox 2025/10/02 v2.5m e-TeX tools for LaTeX (JAW)
\etb@tempcnta=\count284
)
Class apa7 Info: No bibliography package was specified; defaulting to (but not loading) Biblatex on input line 218.
(c:/Users/jamespustejovsky/AppData/Roaming/TinyTeX/texmf-dist/tex/latex/lm/lmodern.sty
Package: lmodern 2015/05/01 v1.6.1 Latin Modern Fonts
LaTeX Font Info:    Overwriting symbol font `operators' in version `normal'
(Font)                  OT1/cmr/m/n --> OT1/lmr/m/n on input line 22.
LaTeX Font Info:    Overwriting symbol font `letters' in version `normal'
(Font)                  OML/cmm/m/it --> OML/lmm/m/it on input line 23.
LaTeX Font Info:    Overwriting symbol font `symbols' in version `normal'
(Font)                  OMS/cmsy/m/n --> OMS/lmsy/m/n on input line 24.
LaTeX Font Info:    Overwriting symbol font `largesymbols' in version `normal'
(Font)                  OMX/cmex/m/n --> OMX/lmex/m/n on input line 25.
LaTeX Font Info:    Overwriting symbol font `operators' in version `bold'
(Font)                  OT1/cmr/bx/n --> OT1/lmr/bx/n on input line 26.
LaTeX Font Info:    Overwriting symbol font `letters' in version `bold'
(Font)                  OML/cmm/b/it --> OML/lmm/b/it on input line 27.
LaTeX Font Info:    Overwriting symbol font `symbols' in version `bold'
(Font)                  OMS/cmsy/b/n --> OMS/lmsy/b/n on input line 28.
LaTeX Font Info:    Overwriting symbol font `largesymbols' in version `bold'
(Font)                  OMX/cmex/m/n --> OMX/lmex/m/n on input line 29.
LaTeX Font Info:    Overwriting math alphabet `\mathbf' in version `normal'
(Font)                  OT1/cmr/bx/n --> OT1/lmr/bx/n on input line 31.
LaTeX Font Info:    Overwriting math alphabet `\mathsf' in version `normal'
(Font)                  OT1/cmss/m/n --> OT1/lmss/m/n on input line 32.
LaTeX Font Info:    Overwriting math alphabet `\mathit' in version `normal'
(Font)                  OT1/cmr/m/it --> OT1/lmr/m/it on input line 33.
LaTeX Font Info:    Overwriting math alphabet `\mathtt' in version `normal'
(Font)                  OT1/cmtt/m/n --> OT1/lmtt/m/n on input line 34.
LaTeX Font Info:    Overwriting math alphabet `\mathbf' in version `bold'
(Font)                  OT1/cmr/bx/n --> OT1/lmr/bx/n on input line 35.
LaTeX Font Info:    Overwriting math alphabet `\mathsf' in version `bold'
(Font)                  OT1/cmss/bx/n --> OT1/lmss/bx/n on input line 36.
LaTeX Font Info:    Overwriting math alphabet `\mathit' in version `bold'
(Font)                  OT1/cmr/bx/it --> OT1/lmr/bx/it on input line 37.
LaTeX Font Info:    Overwriting math alphabet `\mathtt' in version `bold'
(Font)                  OT1/cmtt/m/n --> OT1/lmtt/m/n on input line 38.
) (c:/Users/jamespustejovsky/AppData/Roaming/TinyTeX/texmf-dist/tex/latex/base/fontenc.sty
Package: fontenc 2025/07/18 v2.1d Standard LaTeX package
LaTeX Font Info:    Trying to load font information for T1+lmr on input line 116.
(c:/Users/jamespustejovsky/AppData/Roaming/TinyTeX/texmf-dist/tex/latex/lm/t1lmr.fd
File: t1lmr.fd 2015/05/01 v1.6.1 Font defs for Latin Modern
)) (c:/Users/jamespustejovsky/AppData/Roaming/TinyTeX/texmf-dist/tex/latex/geometry/geometry.sty
Package: geometry 2026/03/07 v6.0 Page Geometry
(c:/Users/jamespustejovsky/AppData/Roaming/TinyTeX/texmf-dist/tex/latex/graphics/keyval.sty
Package: keyval 2026-05-17 v1.15 key=value parser (DPC)
\KV@toks@=\toks17
) (c:/Users/jamespustejovsky/AppData/Roaming/TinyTeX/texmf-dist/tex/generic/iftex/ifvtex.sty
Package: ifvtex 2019/10/25 v1.7 ifvtex legacy package. Use iftex instead.
(c:/Users/jamespustejovsky/AppData/Roaming/TinyTeX/texmf-dist/tex/generic/iftex/iftex.sty
Package: iftex 2024/12/12 v1.0g TeX engine tests
))
\Gm@cnth=\count285
\Gm@cntv=\count286
\c@Gm@tempcnt=\count287
\Gm@bindingoffset=\dimen151
\Gm@wd@mp=\dimen152
\Gm@odd@mp=\dimen153
\Gm@even@mp=\dimen154
\Gm@layoutwidth=\dimen155
\Gm@layoutheight=\dimen156
\Gm@layouthoffset=\dimen157
\Gm@layoutvoffset=\dimen158
\Gm@dimlist=\toks18
) (c:/Users/jamespustejovsky/AppData/Roaming/TinyTeX/texmf-dist/tex/latex/graphics/graphicx.sty
Package: graphicx 2026-05-17 v1.2e Enhanced LaTeX Graphics (DPC,SPQR)
(c:/Users/jamespustejovsky/AppData/Roaming/TinyTeX/texmf-dist/tex/latex/graphics/graphics.sty
Package: graphics 2026-05-17 v1.4h Standard LaTeX Graphics (DPC,SPQR)
(c:/Users/jamespustejovsky/AppData/Roaming/TinyTeX/texmf-dist/tex/latex/graphics/trig.sty
Package: trig 2023/12/02 v1.11 sin cos tan (DPC)
) (c:/Users/jamespustejovsky/AppData/Roaming/TinyTeX/texmf-dist/tex/latex/graphics-cfg/graphics.cfg
File: graphics.cfg 2016/06/04 v1.11 sample graphics configuration
)
Package graphics Info: Driver file: pdftex.def on input line 106.
(c:/Users/jamespustejovsky/AppData/Roaming/TinyTeX/texmf-dist/tex/latex/graphics-def/pdftex.def
File: pdftex.def 2025/09/29 v1.2d Graphics/color driver for pdftex
))
\Gin@req@height=\dimen159
\Gin@req@width=\dimen160
) (c:/Users/jamespustejovsky/AppData/Roaming/TinyTeX/texmf-dist/tex/latex/scalerel/scalerel.sty
Package: scalerel 2016/12/29 v1.8 Routines for constrained scaling and stretching of objects, relative to a reference object or in absolute terms
(c:/Users/jamespustejovsky/AppData/Roaming/TinyTeX/texmf-dist/tex/latex/tools/calc.sty
Package: calc 2025/03/01 v4.3b Infix arithmetic (KKT,FJ)
\calc@Acount=\count288
\calc@Bcount=\count289
\calc@Adimen=\dimen161
\calc@Bdimen=\dimen162
\calc@Askip=\skip51
\calc@Bskip=\skip52
LaTeX Info: Redefining \setlength on input line 86.
LaTeX Info: Redefining \addtolength on input line 87.
\calc@Ccount=\count290
\calc@Cskip=\skip53
)
\thesrwidth=\skip54
\thesrheight=\skip55
\srblobheight=\skip56
\srblobdepth=\skip57
\mnxsrwidth=\skip58
\LMex=\skip59
\LMpt=\skip60
) (c:/Users/jamespustejovsky/AppData/Roaming/TinyTeX/texmf-dist/tex/latex/pgf/frontendlayer/tikz.sty (c:/Users/jamespustejovsky/AppData/Roaming/TinyTeX/texmf-dist/tex/latex/pgf/basiclayer/pgf.sty (c:/Users/jamespustejovsky/AppData/Roaming/TinyTeX/texmf-dist/tex/latex/pgf/utilities/pgfrcs.sty (c:/Users/jamespustejovsky/AppData/Roaming/TinyTeX/texmf-dist/tex/generic/pgf/utilities/pgfutil-common.tex
\pgfutil@everybye=\toks19
\pgfutil@tempdima=\dimen163
\pgfutil@tempdimb=\dimen164
) (c:/Users/jamespustejovsky/AppData/Roaming/TinyTeX/texmf-dist/tex/generic/pgf/utilities/pgfutil-latex.def
\pgfutil@abb=\box53
) (c:/Users/jamespustejovsky/AppData/Roaming/TinyTeX/texmf-dist/tex/generic/pgf/utilities/pgfrcs.code.tex (c:/Users/jamespustejovsky/AppData/Roaming/TinyTeX/texmf-dist/tex/generic/pgf/pgf.revision.tex)
Package: pgfrcs 2025-08-29 v3.1.11a (3.1.11a)
))
Package: pgf 2025-08-29 v3.1.11a (3.1.11a)
(c:/Users/jamespustejovsky/AppData/Roaming/TinyTeX/texmf-dist/tex/latex/pgf/basiclayer/pgfcore.sty (c:/Users/jamespustejovsky/AppData/Roaming/TinyTeX/texmf-dist/tex/latex/pgf/systemlayer/pgfsys.sty (c:/Users/jamespustejovsky/AppData/Roaming/TinyTeX/texmf-dist/tex/generic/pgf/systemlayer/pgfsys.code.tex
Package: pgfsys 2025-08-29 v3.1.11a (3.1.11a)
(c:/Users/jamespustejovsky/AppData/Roaming/TinyTeX/texmf-dist/tex/generic/pgf/utilities/pgfkeys.code.tex
\pgfkeys@pathtoks=\toks20
\pgfkeys@temptoks=\toks21
(c:/Users/jamespustejovsky/AppData/Roaming/TinyTeX/texmf-dist/tex/generic/pgf/utilities/pgfkeyslibraryfiltered.code.tex
\pgfkeys@tmptoks=\toks22
))
\pgf@x=\dimen165
\pgf@y=\dimen166
\pgf@xa=\dimen167
\pgf@ya=\dimen168
\pgf@xb=\dimen169
\pgf@yb=\dimen170
\pgf@xc=\dimen171
\pgf@yc=\dimen172
\pgf@xd=\dimen173
\pgf@yd=\dimen174
\w@pgf@writea=\write3
\r@pgf@reada=\read2
\c@pgf@counta=\count291
\c@pgf@countb=\count292
\c@pgf@countc=\count293
\c@pgf@countd=\count294
\t@pgf@toka=\toks23
\t@pgf@tokb=\toks24
\t@pgf@tokc=\toks25
\pgf@sys@id@count=\count295
(c:/Users/jamespustejovsky/AppData/Roaming/TinyTeX/texmf-dist/tex/generic/pgf/systemlayer/pgf.cfg
File: pgf.cfg 2025-08-29 v3.1.11a (3.1.11a)
)
Driver file for pgf: pgfsys-pdftex.def
(c:/Users/jamespustejovsky/AppData/Roaming/TinyTeX/texmf-dist/tex/generic/pgf/systemlayer/pgfsys-pdftex.def
File: pgfsys-pdftex.def 2025-08-29 v3.1.11a (3.1.11a)
(c:/Users/jamespustejovsky/AppData/Roaming/TinyTeX/texmf-dist/tex/generic/pgf/systemlayer/pgfsys-common-pdf.def
File: pgfsys-common-pdf.def 2025-08-29 v3.1.11a (3.1.11a)
))) (c:/Users/jamespustejovsky/AppData/Roaming/TinyTeX/texmf-dist/tex/generic/pgf/systemlayer/pgfsyssoftpath.code.tex
File: pgfsyssoftpath.code.tex 2025-08-29 v3.1.11a (3.1.11a)
\pgfsyssoftpath@smallbuffer@items=\count296
\pgfsyssoftpath@bigbuffer@items=\count297
) (c:/Users/jamespustejovsky/AppData/Roaming/TinyTeX/texmf-dist/tex/generic/pgf/systemlayer/pgfsysprotocol.code.tex
File: pgfsysprotocol.code.tex 2025-08-29 v3.1.11a (3.1.11a)
)) (c:/Users/jamespustejovsky/AppData/Roaming/TinyTeX/texmf-dist/tex/latex/xcolor/xcolor.sty
Package: xcolor 2024/09/29 v3.02 LaTeX color extensions (UK)
(c:/Users/jamespustejovsky/AppData/Roaming/TinyTeX/texmf-dist/tex/latex/graphics-cfg/color.cfg
File: color.cfg 2016/01/02 v1.6 sample color configuration
)
Package xcolor Info: Driver file: pdftex.def on input line 274.
(c:/Users/jamespustejovsky/AppData/Roaming/TinyTeX/texmf-dist/tex/latex/graphics/mathcolor.ltx)
Package xcolor Info: Model `cmy' substituted by `cmy0' on input line 1349.
Package xcolor Info: Model `hsb' substituted by `rgb' on input line 1353.
Package xcolor Info: Model `RGB' extended on input line 1365.
Package xcolor Info: Model `HTML' substituted by `rgb' on input line 1367.
Package xcolor Info: Model `Hsb' substituted by `hsb' on input line 1368.
Package xcolor Info: Model `tHsb' substituted by `hsb' on input line 1369.
Package xcolor Info: Model `HSB' substituted by `hsb' on input line 1370.
Package xcolor Info: Model `Gray' substituted by `gray' on input line 1371.
Package xcolor Info: Model `wave' substituted by `hsb' on input line 1372.
) (c:/Users/jamespustejovsky/AppData/Roaming/TinyTeX/texmf-dist/tex/generic/pgf/basiclayer/pgfcore.code.tex
Package: pgfcore 2025-08-29 v3.1.11a (3.1.11a)
(c:/Users/jamespustejovsky/AppData/Roaming/TinyTeX/texmf-dist/tex/generic/pgf/math/pgfmath.code.tex (c:/Users/jamespustejovsky/AppData/Roaming/TinyTeX/texmf-dist/tex/generic/pgf/math/pgfmathutil.code.tex) (c:/Users/jamespustejovsky/AppData/Roaming/TinyTeX/texmf-dist/tex/generic/pgf/math/pgfmathparser.code.tex
\pgfmath@dimen=\dimen175
\pgfmath@count=\count298
\pgfmath@box=\box54
\pgfmath@toks=\toks26
\pgfmath@stack@operand=\toks27
\pgfmath@stack@operation=\toks28
) (c:/Users/jamespustejovsky/AppData/Roaming/TinyTeX/texmf-dist/tex/generic/pgf/math/pgfmathfunctions.code.tex) (c:/Users/jamespustejovsky/AppData/Roaming/TinyTeX/texmf-dist/tex/generic/pgf/math/pgfmathfunctions.basic.code.tex) (c:/Users/jamespustejovsky/AppData/Roaming/TinyTeX/texmf-dist/tex/generic/pgf/math/pgfmathfunctions.trigonometric.code.tex) (c:/Users/jamespustejovsky/AppData/Roaming/TinyTeX/texmf-dist/tex/generic/pgf/math/pgfmathfunctions.random.code.tex) (c:/Users/jamespustejovsky/AppData/Roaming/TinyTeX/texmf-dist/tex/generic/pgf/math/pgfmathfunctions.comparison.code.tex) (c:/Users/jamespustejovsky/AppData/Roaming/TinyTeX/texmf-dist/tex/generic/pgf/math/pgfmathfunctions.base.code.tex) (c:/Users/jamespustejovsky/AppData/Roaming/TinyTeX/texmf-dist/tex/generic/pgf/math/pgfmathfunctions.round.code.tex) (c:/Users/jamespustejovsky/AppData/Roaming/TinyTeX/texmf-dist/tex/generic/pgf/math/pgfmathfunctions.misc.code.tex) (c:/Users/jamespustejovsky/AppData/Roaming/TinyTeX/texmf-dist/tex/generic/pgf/math/pgfmathfunctions.integerarithmetics.code.tex) (c:/Users/jamespustejovsky/AppData/Roaming/TinyTeX/texmf-dist/tex/generic/pgf/math/pgfmathcalc.code.tex) (c:/Users/jamespustejovsky/AppData/Roaming/TinyTeX/texmf-dist/tex/generic/pgf/math/pgfmathfloat.code.tex
\c@pgfmathroundto@lastzeros=\count299
)) (c:/Users/jamespustejovsky/AppData/Roaming/TinyTeX/texmf-dist/tex/generic/pgf/math/pgfint.code.tex) (c:/Users/jamespustejovsky/AppData/Roaming/TinyTeX/texmf-dist/tex/generic/pgf/basiclayer/pgfcorepoints.code.tex
File: pgfcorepoints.code.tex 2025-08-29 v3.1.11a (3.1.11a)
\pgf@picminx=\dimen176
\pgf@picmaxx=\dimen177
\pgf@picminy=\dimen178
\pgf@picmaxy=\dimen179
\pgf@pathminx=\dimen180
\pgf@pathmaxx=\dimen181
\pgf@pathminy=\dimen182
\pgf@pathmaxy=\dimen183
\pgf@xx=\dimen184
\pgf@xy=\dimen185
\pgf@yx=\dimen186
\pgf@yy=\dimen187
\pgf@zx=\dimen188
\pgf@zy=\dimen189
) (c:/Users/jamespustejovsky/AppData/Roaming/TinyTeX/texmf-dist/tex/generic/pgf/basiclayer/pgfcorepathconstruct.code.tex
File: pgfcorepathconstruct.code.tex 2025-08-29 v3.1.11a (3.1.11a)
\pgf@path@lastx=\dimen190
\pgf@path@lasty=\dimen191
) (c:/Users/jamespustejovsky/AppData/Roaming/TinyTeX/texmf-dist/tex/generic/pgf/basiclayer/pgfcorepathusage.code.tex
File: pgfcorepathusage.code.tex 2025-08-29 v3.1.11a (3.1.11a)
\pgf@shorten@end@additional=\dimen192
\pgf@shorten@start@additional=\dimen193
) (c:/Users/jamespustejovsky/AppData/Roaming/TinyTeX/texmf-dist/tex/generic/pgf/basiclayer/pgfcorescopes.code.tex
File: pgfcorescopes.code.tex 2025-08-29 v3.1.11a (3.1.11a)
\pgfpic=\box55
\pgf@hbox=\box56
\pgf@layerbox@main=\box57
\pgf@picture@serial@count=\count300
) (c:/Users/jamespustejovsky/AppData/Roaming/TinyTeX/texmf-dist/tex/generic/pgf/basiclayer/pgfcoregraphicstate.code.tex
File: pgfcoregraphicstate.code.tex 2025-08-29 v3.1.11a (3.1.11a)
\pgflinewidth=\dimen194
) (c:/Users/jamespustejovsky/AppData/Roaming/TinyTeX/texmf-dist/tex/generic/pgf/basiclayer/pgfcoretransformations.code.tex
File: pgfcoretransformations.code.tex 2025-08-29 v3.1.11a (3.1.11a)
\pgf@pt@x=\dimen195
\pgf@pt@y=\dimen196
\pgf@pt@temp=\dimen197
) (c:/Users/jamespustejovsky/AppData/Roaming/TinyTeX/texmf-dist/tex/generic/pgf/basiclayer/pgfcorequick.code.tex
File: pgfcorequick.code.tex 2025-08-29 v3.1.11a (3.1.11a)
) (c:/Users/jamespustejovsky/AppData/Roaming/TinyTeX/texmf-dist/tex/generic/pgf/basiclayer/pgfcoreobjects.code.tex
File: pgfcoreobjects.code.tex 2025-08-29 v3.1.11a (3.1.11a)
) (c:/Users/jamespustejovsky/AppData/Roaming/TinyTeX/texmf-dist/tex/generic/pgf/basiclayer/pgfcorepathprocessing.code.tex
File: pgfcorepathprocessing.code.tex 2025-08-29 v3.1.11a (3.1.11a)
) (c:/Users/jamespustejovsky/AppData/Roaming/TinyTeX/texmf-dist/tex/generic/pgf/basiclayer/pgfcorearrows.code.tex
File: pgfcorearrows.code.tex 2025-08-29 v3.1.11a (3.1.11a)
\pgfarrowsep=\dimen198
) (c:/Users/jamespustejovsky/AppData/Roaming/TinyTeX/texmf-dist/tex/generic/pgf/basiclayer/pgfcoreshade.code.tex
File: pgfcoreshade.code.tex 2025-08-29 v3.1.11a (3.1.11a)
\pgf@max=\dimen199
\pgf@sys@shading@range@num=\count301
\pgf@shadingcount=\count302
) (c:/Users/jamespustejovsky/AppData/Roaming/TinyTeX/texmf-dist/tex/generic/pgf/basiclayer/pgfcoreimage.code.tex
File: pgfcoreimage.code.tex 2025-08-29 v3.1.11a (3.1.11a)
) (c:/Users/jamespustejovsky/AppData/Roaming/TinyTeX/texmf-dist/tex/generic/pgf/basiclayer/pgfcoreexternal.code.tex
File: pgfcoreexternal.code.tex 2025-08-29 v3.1.11a (3.1.11a)
\pgfexternal@startupbox=\box58
) (c:/Users/jamespustejovsky/AppData/Roaming/TinyTeX/texmf-dist/tex/generic/pgf/basiclayer/pgfcorelayers.code.tex
File: pgfcorelayers.code.tex 2025-08-29 v3.1.11a (3.1.11a)
) (c:/Users/jamespustejovsky/AppData/Roaming/TinyTeX/texmf-dist/tex/generic/pgf/basiclayer/pgfcoretransparency.code.tex
File: pgfcoretransparency.code.tex 2025-08-29 v3.1.11a (3.1.11a)
) (c:/Users/jamespustejovsky/AppData/Roaming/TinyTeX/texmf-dist/tex/generic/pgf/basiclayer/pgfcorepatterns.code.tex
File: pgfcorepatterns.code.tex 2025-08-29 v3.1.11a (3.1.11a)
) (c:/Users/jamespustejovsky/AppData/Roaming/TinyTeX/texmf-dist/tex/generic/pgf/basiclayer/pgfcorerdf.code.tex
File: pgfcorerdf.code.tex 2025-08-29 v3.1.11a (3.1.11a)
))) (c:/Users/jamespustejovsky/AppData/Roaming/TinyTeX/texmf-dist/tex/generic/pgf/modules/pgfmoduleshapes.code.tex
File: pgfmoduleshapes.code.tex 2025-08-29 v3.1.11a (3.1.11a)
\pgfnodeparttextbox=\box59
) (c:/Users/jamespustejovsky/AppData/Roaming/TinyTeX/texmf-dist/tex/generic/pgf/modules/pgfmoduleplot.code.tex
File: pgfmoduleplot.code.tex 2025-08-29 v3.1.11a (3.1.11a)
) (c:/Users/jamespustejovsky/AppData/Roaming/TinyTeX/texmf-dist/tex/latex/pgf/compatibility/pgfcomp-version-0-65.sty
Package: pgfcomp-version-0-65 2025-08-29 v3.1.11a (3.1.11a)
\pgf@nodesepstart=\dimen256
\pgf@nodesepend=\dimen257
) (c:/Users/jamespustejovsky/AppData/Roaming/TinyTeX/texmf-dist/tex/latex/pgf/compatibility/pgfcomp-version-1-18.sty
Package: pgfcomp-version-1-18 2025-08-29 v3.1.11a (3.1.11a)
)) (c:/Users/jamespustejovsky/AppData/Roaming/TinyTeX/texmf-dist/tex/latex/pgf/utilities/pgffor.sty (c:/Users/jamespustejovsky/AppData/Roaming/TinyTeX/texmf-dist/tex/latex/pgf/utilities/pgfkeys.sty (c:/Users/jamespustejovsky/AppData/Roaming/TinyTeX/texmf-dist/tex/generic/pgf/utilities/pgfkeys.code.tex)) (c:/Users/jamespustejovsky/AppData/Roaming/TinyTeX/texmf-dist/tex/latex/pgf/math/pgfmath.sty (c:/Users/jamespustejovsky/AppData/Roaming/TinyTeX/texmf-dist/tex/generic/pgf/math/pgfmath.code.tex)) (c:/Users/jamespustejovsky/AppData/Roaming/TinyTeX/texmf-dist/tex/generic/pgf/utilities/pgffor.code.tex
Package: pgffor 2025-08-29 v3.1.11a (3.1.11a)
\pgffor@iter=\dimen258
\pgffor@skip=\dimen259
\pgffor@stack=\toks29
\pgffor@toks=\toks30
)) (c:/Users/jamespustejovsky/AppData/Roaming/TinyTeX/texmf-dist/tex/generic/pgf/frontendlayer/tikz/tikz.code.tex
Package: tikz 2025-08-29 v3.1.11a (3.1.11a)
(c:/Users/jamespustejovsky/AppData/Roaming/TinyTeX/texmf-dist/tex/generic/pgf/libraries/pgflibraryplothandlers.code.tex
File: pgflibraryplothandlers.code.tex 2025-08-29 v3.1.11a (3.1.11a)
\pgf@plot@mark@count=\count303
\pgfplotmarksize=\dimen260
)
\tikz@lastx=\dimen261
\tikz@lasty=\dimen262
\tikz@lastxsaved=\dimen263
\tikz@lastysaved=\dimen264
\tikz@lastmovetox=\dimen265
\tikz@lastmovetoy=\dimen266
\tikzleveldistance=\dimen267
\tikzsiblingdistance=\dimen268
\tikz@figbox=\box60
\tikz@figbox@bg=\box61
\tikz@tempbox=\box62
\tikz@tempbox@bg=\box63
\tikztreelevel=\count304
\tikznumberofchildren=\count305
\tikznumberofcurrentchild=\count306
\tikz@fig@count=\count307
(c:/Users/jamespustejovsky/AppData/Roaming/TinyTeX/texmf-dist/tex/generic/pgf/modules/pgfmodulematrix.code.tex
File: pgfmodulematrix.code.tex 2025-08-29 v3.1.11a (3.1.11a)
\pgfmatrixcurrentrow=\count308
\pgfmatrixcurrentcolumn=\count309
\pgf@matrix@numberofcolumns=\count310
)
\tikz@expandcount=\count311
(c:/Users/jamespustejovsky/AppData/Roaming/TinyTeX/texmf-dist/tex/generic/pgf/frontendlayer/tikz/libraries/tikzlibrarytopaths.code.tex
File: tikzlibrarytopaths.code.tex 2025-08-29 v3.1.11a (3.1.11a)
))) (c:/Users/jamespustejovsky/AppData/Roaming/TinyTeX/texmf-dist/tex/latex/hyperref/hyperref.sty
Package: hyperref 2026-04-24 v7.01q Hypertext links for LaTeX
(c:/Users/jamespustejovsky/AppData/Roaming/TinyTeX/texmf-dist/tex/latex/kvsetkeys/kvsetkeys.sty
Package: kvsetkeys 2022-10-05 v1.19 Key value parser (HO)
) (c:/Users/jamespustejovsky/AppData/Roaming/TinyTeX/texmf-dist/tex/generic/kvdefinekeys/kvdefinekeys.sty
Package: kvdefinekeys 2019-12-19 v1.6 Define keys (HO)
) (c:/Users/jamespustejovsky/AppData/Roaming/TinyTeX/texmf-dist/tex/generic/pdfescape/pdfescape.sty
Package: pdfescape 2019/12/09 v1.15 Implements pdfTeX's escape features (HO)
(c:/Users/jamespustejovsky/AppData/Roaming/TinyTeX/texmf-dist/tex/generic/ltxcmds/ltxcmds.sty
Package: ltxcmds 2023-12-04 v1.26 LaTeX kernel commands for general use (HO)
) (c:/Users/jamespustejovsky/AppData/Roaming/TinyTeX/texmf-dist/tex/generic/pdftexcmds/pdftexcmds.sty
Package: pdftexcmds 2020-06-27 v0.33 Utility functions of pdfTeX for LuaTeX (HO)
(c:/Users/jamespustejovsky/AppData/Roaming/TinyTeX/texmf-dist/tex/generic/infwarerr/infwarerr.sty
Package: infwarerr 2019/12/03 v1.5 Providing info/warning/error messages (HO)
)
Package pdftexcmds Info: \pdf@primitive is available.
Package pdftexcmds Info: \pdf@ifprimitive is available.
Package pdftexcmds Info: \pdfdraftmode found.
)) (c:/Users/jamespustejovsky/AppData/Roaming/TinyTeX/texmf-dist/tex/latex/hycolor/hycolor.sty
Package: hycolor 2020-01-27 v1.10 Color options for hyperref/bookmark (HO)
) (c:/Users/jamespustejovsky/AppData/Roaming/TinyTeX/texmf-dist/tex/latex/hyperref/nameref.sty
Package: nameref 2026-01-29 v2.58 Cross-referencing by name of section
(c:/Users/jamespustejovsky/AppData/Roaming/TinyTeX/texmf-dist/tex/latex/refcount/refcount.sty
Package: refcount 2019/12/15 v3.6 Data extraction from label references (HO)
) (c:/Users/jamespustejovsky/AppData/Roaming/TinyTeX/texmf-dist/tex/generic/gettitlestring/gettitlestring.sty
Package: gettitlestring 2019/12/15 v1.6 Cleanup title references (HO)
(c:/Users/jamespustejovsky/AppData/Roaming/TinyTeX/texmf-dist/tex/latex/kvoptions/kvoptions.sty
Package: kvoptions 2022-06-15 v3.15 Key value format for package options (HO)
))
\c@section@level=\count312
) (c:/Users/jamespustejovsky/AppData/Roaming/TinyTeX/texmf-dist/tex/generic/stringenc/stringenc.sty
Package: stringenc 2019/11/29 v1.12 Convert strings between diff. encodings (HO)
)
\@linkdim=\dimen269
\Hy@linkcounter=\count313
\Hy@pagecounter=\count314
(c:/Users/jamespustejovsky/AppData/Roaming/TinyTeX/texmf-dist/tex/latex/hyperref/pd1enc.def
File: pd1enc.def 2026-04-24 v7.01q Hyperref: PDFDocEncoding definition (HO)
Now handling font encoding PD1 ...
... no UTF-8 mapping file for font encoding PD1
) (c:/Users/jamespustejovsky/AppData/Roaming/TinyTeX/texmf-dist/tex/generic/intcalc/intcalc.sty
Package: intcalc 2019/12/15 v1.3 Expandable calculations with integers (HO)
)
\Hy@SavedSpaceFactor=\count315
(c:/Users/jamespustejovsky/AppData/Roaming/TinyTeX/texmf-dist/tex/latex/hyperref/puenc.def
File: puenc.def 2026-04-24 v7.01q Hyperref: PDF Unicode definition (HO)
Now handling font encoding PU ...
... no UTF-8 mapping file for font encoding PU
)
Package hyperref Info: Option `unicode' set `true' on input line 4070.
Package hyperref Info: Hyper figures OFF on input line 4199.
Package hyperref Info: Link nesting OFF on input line 4204.
Package hyperref Info: Hyper index ON on input line 4207.
Package hyperref Info: Plain pages OFF on input line 4214.
Package hyperref Info: Backreferencing OFF on input line 4219.
Package hyperref Info: Implicit mode ON; LaTeX internals redefined.
Package hyperref Info: Bookmarks ON on input line 4466.
\c@Hy@tempcnt=\count316
(c:/Users/jamespustejovsky/AppData/Roaming/TinyTeX/texmf-dist/tex/latex/url/url.sty
\Urlmuskip=\muskip17
Package: url 2013/09/16  ver 3.4  Verb mode for urls, etc.
)
LaTeX Info: Redefining \url on input line 4805.
\XeTeXLinkMargin=\dimen270
(c:/Users/jamespustejovsky/AppData/Roaming/TinyTeX/texmf-dist/tex/generic/bitset/bitset.sty
Package: bitset 2019/12/09 v1.3 Handle bit-vector datatype (HO)
(c:/Users/jamespustejovsky/AppData/Roaming/TinyTeX/texmf-dist/tex/generic/bigintcalc/bigintcalc.sty
Package: bigintcalc 2019/12/15 v1.5 Expandable calculations on big integers (HO)
))
\Fld@menulength=\count317
\Field@Width=\dimen271
\Fld@charsize=\dimen272
Package hyperref Info: Hyper figures OFF on input line 6091.
Package hyperref Info: Link nesting OFF on input line 6096.
Package hyperref Info: Hyper index ON on input line 6099.
Package hyperref Info: backreferencing OFF on input line 6106.
Package hyperref Info: Link coloring OFF on input line 6111.
Package hyperref Info: Link coloring with OCG OFF on input line 6116.
Package hyperref Info: PDF/A mode OFF on input line 6121.
\Hy@abspage=\count318
\c@Item=\count319
\c@Hfootnote=\count320
)
Package hyperref Info: Driver (autodetected): hpdftex.
(c:/Users/jamespustejovsky/AppData/Roaming/TinyTeX/texmf-dist/tex/latex/hyperref/hpdftex.def
File: hpdftex.def 2026-04-24 v7.01q Hyperref driver for pdfTeX
\Fld@listcount=\count321
\c@bookmark@seq@number=\count322
(c:/Users/jamespustejovsky/AppData/Roaming/TinyTeX/texmf-dist/tex/latex/rerunfilecheck/rerunfilecheck.sty
Package: rerunfilecheck 2025-06-21 v1.11 Rerun checks for auxiliary files (HO)
(c:/Users/jamespustejovsky/AppData/Roaming/TinyTeX/texmf-dist/tex/generic/uniquecounter/uniquecounter.sty
Package: uniquecounter 2019/12/15 v1.4 Provide unlimited unique counter (HO)
)
Package uniquecounter Info: New unique counter `rerunfilecheck' on input line 284.
)
\Hy@SectionHShift=\skip61
) (c:/Users/jamespustejovsky/AppData/Roaming/TinyTeX/texmf-dist/tex/generic/pgf/frontendlayer/tikz/libraries/tikzlibrarysvg.path.code.tex
File: tikzlibrarysvg.path.code.tex 2025-08-29 v3.1.11a (3.1.11a)
(c:/Users/jamespustejovsky/AppData/Roaming/TinyTeX/texmf-dist/tex/generic/pgf/libraries/pgflibrarysvg.path.code.tex
File: pgflibrarysvg.path.code.tex 2025-08-29 v3.1.11a (3.1.11a)
(c:/Users/jamespustejovsky/AppData/Roaming/TinyTeX/texmf-dist/tex/generic/pgf/modules/pgfmoduleparser.code.tex
File: pgfmoduleparser.code.tex 2025-08-29 v3.1.11a (3.1.11a)
\pgfparserdef@arg@count=\count323
)
\pgf@lib@svg@last@x=\dimen273
\pgf@lib@svg@last@y=\dimen274
\pgf@lib@svg@last@c@x=\dimen275
\pgf@lib@svg@last@c@y=\dimen276
\pgf@lib@svg@count=\count324
\pgf@lib@svg@max@num=\count325
)) (c:/Users/jamespustejovsky/AppData/Roaming/TinyTeX/texmf-dist/tex/latex/booktabs/booktabs.sty
Package: booktabs 2020/01/12 v1.61803398 Publication quality tables
\heavyrulewidth=\dimen277
\lightrulewidth=\dimen278
\cmidrulewidth=\dimen279
\belowrulesep=\dimen280
\belowbottomsep=\dimen281
\aboverulesep=\dimen282
\abovetopsep=\dimen283
\cmidrulesep=\dimen284
\cmidrulekern=\dimen285
\defaultaddspace=\dimen286
\@cmidla=\count326
\@cmidlb=\count327
\@aboverulesep=\dimen287
\@belowrulesep=\dimen288
\@thisruleclass=\count328
\@lastruleclass=\count329
\@thisrulewidth=\dimen289
) (c:/Users/jamespustejovsky/AppData/Roaming/TinyTeX/texmf-dist/tex/latex/threeparttable/threeparttable.sty
Package: threeparttable 2003/06/13  v 3.0
\@tempboxb=\box64
)
\b@level@one@skip=\skip62
\e@level@one@skip=\skip63
\b@level@two@skip=\skip64
\e@level@two@skip=\skip65
\b@level@three@skip=\skip66
\e@level@three@skip=\skip67
\b@level@four@skip=\skip68
\e@level@four@skip=\skip69
\b@level@five@skip=\skip70
\e@level@five@skip=\skip71
(c:/Users/jamespustejovsky/AppData/Roaming/TinyTeX/texmf-dist/tex/latex/caption/caption.sty
Package: caption 2023/08/05 v3.6o Customizing captions (AR)
(c:/Users/jamespustejovsky/AppData/Roaming/TinyTeX/texmf-dist/tex/latex/caption/caption3.sty
Package: caption3 2023/07/31 v2.4d caption3 kernel (AR)
\caption@tempdima=\dimen290
\captionmargin=\dimen291
\caption@leftmargin=\dimen292
\caption@rightmargin=\dimen293
\caption@width=\dimen294
\caption@indent=\dimen295
\caption@parindent=\dimen296
\caption@hangindent=\dimen297
Package caption Info: Standard document class detected.
)
\c@caption@flags=\count330
\c@continuedfloat=\count331
Package caption Info: hyperref package is loaded.
Package caption Info: threeparttable package is loaded.
)
\c@APAenum=\count332
\@text@par@indent=\skip72
\gr@box=\box65
\gr@boxwidth=\skip73
\gr@boxheight=\skip74
(c:/Users/jamespustejovsky/AppData/Roaming/TinyTeX/texmf-dist/tex/latex/tools/bm.sty
Package: bm 2025/10/21 v1.2g Bold Symbol Support (DPC/FMi)
\symboldoperators=\mathgroup4
\symboldletters=\mathgroup5
\symboldsymbols=\mathgroup6
Package bm Info: No bold for \OMX/lmex/m/n, using \pmb.
LaTeX Font Info:    Redeclaring math alphabet \mathbf on input line 149.
)
\c@appendix=\count333
(c:/Users/jamespustejovsky/AppData/Roaming/TinyTeX/texmf-dist/tex/latex/fancyhdr/fancyhdr.sty
Package: fancyhdr 2025/02/07 v5.2 Extensive control of page headers and footers
\f@nch@headwidth=\skip75
\f@nch@offset@elh=\skip76
\f@nch@offset@erh=\skip77
\f@nch@offset@olh=\skip78
\f@nch@offset@orh=\skip79
\f@nch@offset@elf=\skip80
\f@nch@offset@erf=\skip81
\f@nch@offset@olf=\skip82
\f@nch@offset@orf=\skip83
\f@nch@height=\skip84
\f@nch@footalignment=\skip85
\f@nch@widthL=\skip86
\f@nch@widthC=\skip87
\f@nch@widthR=\skip88
\@temptokenb=\toks31
) (c:/Users/jamespustejovsky/AppData/Roaming/TinyTeX/texmf-dist/tex/latex/endfloat/endfloat.sty
Package: endfloat 2019/04/15 v2.7 LaTeX2e package puts figures and tables at end (jdm)
\c@posttable=\count334
\efloat@postttt=\write4
\@ef@tttopen=\count335
\c@postfigure=\count336
\efloat@postfff=\write5
\@ef@fffopen=\count337
) (c:/Users/jamespustejovsky/AppData/Roaming/TinyTeX/texmf-dist/tex/latex/float/float.sty
Package: float 2001/11/08 v1.3d Float enhancements (AL)
\c@float@type=\count338
\float@exts=\toks32
\float@box=\box66
\@float@everytoks=\toks33
\@floatcapt=\box67
)) (c:/Users/jamespustejovsky/AppData/Roaming/TinyTeX/texmf-dist/tex/latex/amsmath/amsmath.sty
Package: amsmath 2026/05/19 v2.18d AMS math features
\@mathmargin=\skip89
For additional information on amsmath, use the `?' option.
(c:/Users/jamespustejovsky/AppData/Roaming/TinyTeX/texmf-dist/tex/latex/amsmath/amstext.sty
Package: amstext 2024/11/17 v2.01 AMS text
(c:/Users/jamespustejovsky/AppData/Roaming/TinyTeX/texmf-dist/tex/latex/amsmath/amsgen.sty
File: amsgen.sty 1999/11/30 v2.0 generic functions
\@emptytoks=\toks34
\ex@=\dimen298
)) (c:/Users/jamespustejovsky/AppData/Roaming/TinyTeX/texmf-dist/tex/latex/amsmath/amsbsy.sty
Package: amsbsy 1999/11/29 v1.2d Bold Symbols
LaTeX Info: Redefining \boldsymbol on input line 28.
\pmbraise@=\dimen299
) (c:/Users/jamespustejovsky/AppData/Roaming/TinyTeX/texmf-dist/tex/latex/amsmath/amsopn.sty
Package: amsopn 2022/04/08 v2.04 operator names
)
\inf@bad=\count339
LaTeX Info: Redefining \frac on input line 233.
\uproot@=\count340
\leftroot@=\count341
LaTeX Info: Redefining \overline on input line 398.
LaTeX Info: Redefining \colon on input line 409.
\classnum@=\count342
\DOTSCASE@=\count343
LaTeX Info: Redefining \ldots on input line 495.
LaTeX Info: Redefining \dots on input line 498.
LaTeX Info: Redefining \cdots on input line 619.
\Mathstrutbox@=\box68
\strutbox@=\box69
LaTeX Info: Redefining \big on input line 721.
LaTeX Info: Redefining \Big on input line 722.
LaTeX Info: Redefining \bigg on input line 723.
LaTeX Info: Redefining \Bigg on input line 724.
\big@size=\dimen300
LaTeX Font Info:    Redeclaring font encoding OML on input line 742.
LaTeX Font Info:    Redeclaring font encoding OMS on input line 743.
\macc@depth=\count344
LaTeX Info: Redefining \bmod on input line 904.
LaTeX Info: Redefining \pmod on input line 909.
LaTeX Info: Redefining \smash on input line 939.
LaTeX Info: Redefining \relbar on input line 969.
LaTeX Info: Redefining \Relbar on input line 970.
\c@MaxMatrixCols=\count345
\dotsspace@=\muskip18
\c@parentequation=\count346
\dspbrk@lvl=\count347
\tag@help=\toks35
\row@=\count348
\column@=\count349
\maxfields@=\count350
\andhelp@=\toks36
\eqnshift@=\dimen301
\alignsep@=\dimen302
\tagshift@=\dimen303
\tagwidth@=\dimen304
\totwidth@=\dimen305
\lineht@=\dimen306
\@envbody=\toks37
\multlinegap=\skip90
\multlinetaggap=\skip91
\mathdisplay@stack=\toks38
LaTeX Info: Redefining \[ on input line 2965.
LaTeX Info: Redefining \] on input line 2966.
) (c:/Users/jamespustejovsky/AppData/Roaming/TinyTeX/texmf-dist/tex/latex/amsfonts/amssymb.sty
Package: amssymb 2013/01/14 v3.01 AMS font symbols
(c:/Users/jamespustejovsky/AppData/Roaming/TinyTeX/texmf-dist/tex/latex/amsfonts/amsfonts.sty
Package: amsfonts 2013/01/14 v3.01 Basic AMSFonts support
\symAMSa=\mathgroup7
\symAMSb=\mathgroup8
LaTeX Font Info:    Redeclaring math symbol \hbar on input line 98.
LaTeX Font Info:    Overwriting math alphabet `\mathfrak' in version `bold'
(Font)                  U/euf/m/n --> U/euf/b/n on input line 106.
)) (c:/Users/jamespustejovsky/AppData/Roaming/TinyTeX/texmf-dist/tex/latex/base/fontenc.sty
Package: fontenc 2025/07/18 v2.1d Standard LaTeX package
) (c:/Users/jamespustejovsky/AppData/Roaming/TinyTeX/texmf-dist/tex/latex/base/inputenc.sty
Package: inputenc 2024/02/08 v1.3d Input encoding file
\inpenc@prehook=\toks39
\inpenc@posthook=\toks40
) (c:/Users/jamespustejovsky/AppData/Roaming/TinyTeX/texmf-dist/tex/latex/base/textcomp.sty
Package: textcomp 2024/04/24 v2.1b Standard LaTeX package
) (c:/Users/jamespustejovsky/AppData/Roaming/TinyTeX/texmf-dist/tex/latex/upquote/upquote.sty
Package: upquote 2012/04/19 v1.3 upright-quote and grave-accent glyphs in verbatim
) (c:/Users/jamespustejovsky/AppData/Roaming/TinyTeX/texmf-dist/tex/latex/microtype/microtype.sty
Package: microtype 2026/03/01 v3.2d Micro-typographical refinements (RS)
\MT@toks=\toks41
\MT@tempbox=\box70
\MT@count=\count351
LaTeX Info: Redefining \noprotrusionifhmode on input line 1084.
LaTeX Info: Redefining \leftprotrusion on input line 1085.
\MT@prot@toks=\toks42
LaTeX Info: Redefining \rightprotrusion on input line 1104.
LaTeX Info: Redefining \textls on input line 1449.
\MT@outer@kern=\dimen307
LaTeX Info: Redefining \microtypecontext on input line 2053.
LaTeX Info: Redefining \textmicrotypecontext on input line 2070.
\MT@listname@count=\count352
(c:/Users/jamespustejovsky/AppData/Roaming/TinyTeX/texmf-dist/tex/latex/microtype/microtype-pdftex.def
File: microtype-pdftex.def 2026/03/01 v3.2d Definitions specific to pdftex (RS)
LaTeX Info: Redefining \lsstyle on input line 944.
LaTeX Info: Redefining \lslig on input line 944.
\MT@outer@space=\skip92
)
Package microtype Info: Loading configuration file microtype.cfg.
(c:/Users/jamespustejovsky/AppData/Roaming/TinyTeX/texmf-dist/tex/latex/microtype/microtype.cfg
File: microtype.cfg 2026/03/01 v3.2d microtype main configuration file (RS)
)
LaTeX Info: Redefining \microtypesetup on input line 3065.
) (c:/Users/jamespustejovsky/AppData/Roaming/TinyTeX/texmf-dist/tex/latex/parskip/parskip.sty
Package: parskip 2021-03-14 v2.0h non-zero parskip adjustments
)
\pandoc@box=\box71
\cslhangindent=\skip93
\csllabelwidth=\skip94
(c:/Users/jamespustejovsky/AppData/Roaming/TinyTeX/texmf-dist/tex/generic/babel/babel.sty
Package: babel 2026/06/14 v26.9 The multilingual framework for LuaLaTeX, pdfLaTeX and XeLaTeX
\babel@savecnt=\count353
LaTeX Encoding Info:    Redeclaring text command \ij (encoding OT1) on input line 2084.
LaTeX Encoding Info:    Redeclaring text command \IJ (encoding OT1) on input line 2086.
LaTeX Encoding Info:    Redeclaring text command \ij (encoding T1) on input line 2088.
LaTeX Encoding Info:    Redeclaring text command \IJ (encoding T1) on input line 2089.
LaTeX Encoding Info:    Ignoring declaration for text command \ij (encoding ?) on input line 2090.
LaTeX Encoding Info:    Ignoring declaration for text command \IJ (encoding ?) on input line 2092.
LaTeX Encoding Info:    Ignoring declaration for text command \SS (encoding ?) on input line 2117.
\U@D=\dimen308
\l@unhyphenated=\language6
(c:/Users/jamespustejovsky/AppData/Roaming/TinyTeX/texmf-dist/tex/generic/babel/txtbabel.def)
\bbl@readstream=\read3
\bbl@dirlevel=\count354
(c:/Users/jamespustejovsky/AppData/Roaming/TinyTeX/texmf-dist/tex/generic/babel/locale/en/babel-american.tex)
Package babel Info: Importing font and identification data for 'american'
(babel)             from babel-en-US.ini. Reported on input line 4380.
(c:/Users/jamespustejovsky/AppData/Roaming/TinyTeX/texmf-dist/tex/generic/babel-english/american.ldf
Language: american 2017/06/06 v3.3r English support from the babel system
(c:/Users/jamespustejovsky/AppData/Roaming/TinyTeX/texmf-dist/tex/generic/babel-english/english.ldf
Language: english 2017/06/06 v3.3r English support from the babel system
Package babel Info: Hyphen rules for 'canadian' set to \l@english
(babel)             (\language0). Reported on input line 102.
Package babel Info: Hyphen rules for 'australian' set to \l@ukenglish
(babel)             (\language3). Reported on input line 105.
Package babel Info: Hyphen rules for 'newzealand' set to \l@ukenglish
(babel)             (\language3). Reported on input line 108.
))) (c:/Users/jamespustejovsky/AppData/Roaming/TinyTeX/texmf-dist/tex/latex/was/upgreek.sty
Package: upgreek 2003/02/12 v2.0 (WaS)
Package upgreek Info: Using Euler Roman for upright Greek on input line 31.
\symugrf@m=\mathgroup9
LaTeX Font Info:    Overwriting symbol font `ugrf@m' in version `bold'
(Font)                  U/eur/m/n --> U/eur/b/n on input line 38.
) (c:/Users/jamespustejovsky/AppData/Roaming/TinyTeX/texmf-dist/tex/latex/tools/longtable.sty
Package: longtable 2026-01-28 v4.27 Multi-page Table package (DPC)
\LTleft=\skip95
\LTright=\skip96
\LTpre=\skip97
\LTpost=\skip98
\LTchunksize=\count355
\LTcapwidth=\dimen309
\LT@head=\box72
\LT@firsthead=\box73
\LT@foot=\box74
\LT@lastfoot=\box75
\LT@gbox=\box76
\LT@cols=\count356
\LT@rows=\count357
\c@LT@tables=\count358
\c@LT@chunks=\count359
\LT@p@ftn=\toks43
) (c:/Users/jamespustejovsky/AppData/Roaming/TinyTeX/texmf-dist/tex/latex/graphics/lscape.sty
Package: lscape 2020/05/28 v3.02 Landscape Pages (DPC)
) (c:/Users/jamespustejovsky/AppData/Roaming/TinyTeX/texmf-dist/tex/latex/multirow/multirow.sty
Package: multirow 2024/11/12 v2.9 Span multiple rows of a table
\multirow@colwidth=\skip99
\multirow@cntb=\count360
\multirow@dima=\skip100
\bigstrutjot=\dimen310
) (c:/Users/jamespustejovsky/AppData/Roaming/TinyTeX/texmf-dist/tex/latex/tools/tabularx.sty
Package: tabularx 2023/12/11 v2.12a `tabularx' package (DPC)
(c:/Users/jamespustejovsky/AppData/Roaming/TinyTeX/texmf-dist/tex/latex/tools/array.sty
Package: array 2026/02/24 v2.7b Tabular extension package (FMi)
\col@sep=\dimen311
\ar@mcellbox=\box77
\extrarowheight=\dimen312
\NC@list=\toks44
\extratabsurround=\skip101
\backup@length=\skip102
\ar@cellbox=\box78
)
\TX@col@width=\dimen313
\TX@old@table=\dimen314
\TX@old@col=\dimen315
\TX@target=\dimen316
\TX@delta=\dimen317
\TX@cols=\count361
\TX@ftn=\toks45
) (c:/Users/jamespustejovsky/AppData/Roaming/TinyTeX/texmf-dist/tex/latex/threeparttablex/threeparttablex.sty
Package: threeparttablex 2013/07/23 v0.3 by daleif
(c:/Users/jamespustejovsky/AppData/Roaming/TinyTeX/texmf-dist/tex/latex/environ/environ.sty
Package: environ 2014/05/04 v0.3 A new way to define environments
(c:/Users/jamespustejovsky/AppData/Roaming/TinyTeX/texmf-dist/tex/latex/trimspaces/trimspaces.sty
Package: trimspaces 2009/09/17 v1.1 Trim spaces around a token list
))
\TPTL@width=\skip103
)
\longtablewidth=\skip104
Failed to patch abstract.
Failed to patch title.
(c:/Users/jamespustejovsky/AppData/Roaming/TinyTeX/texmf-dist/tex/latex/xpatch/xpatch.sty (c:/Users/jamespustejovsky/AppData/Roaming/TinyTeX/texmf-dist/tex/latex/l3kernel/expl3.sty
Package: expl3 2026-05-26 L3 programming layer (loader) 
(c:/Users/jamespustejovsky/AppData/Roaming/TinyTeX/texmf-dist/tex/latex/l3backend/l3backend-pdftex.def
File: l3backend-pdftex.def 2026-02-18 L3 backend support: PDF output (pdfTeX)
\l__color_backend_stack_int=\count362
))
Package: xpatch 2020/03/25 v0.3a Extending etoolbox patching commands
(c:/Users/jamespustejovsky/AppData/Roaming/TinyTeX/texmf-dist/tex/latex/l3packages/xparse/xparse.sty
Package: xparse 2025-10-09 L3 Experimental document command parser
)) (c:/Users/jamespustejovsky/AppData/Roaming/TinyTeX/texmf-dist/tex/latex/csquotes/csquotes.sty
Package: csquotes 2026-05-19 v5.2p context-sensitive quotations (JAW)
\csq@reset=\count363
\csq@gtype=\count364
\csq@glevel=\count365
\csq@qlevel=\count366
\csq@maxlvl=\count367
\csq@tshold=\count368
\csq@ltx@everypar=\toks46
(c:/Users/jamespustejovsky/AppData/Roaming/TinyTeX/texmf-dist/tex/latex/csquotes/csquotes.def
File: csquotes.def 2026-05-19 v5.2p csquotes generic definitions (JAW)
)
Package csquotes Info: Trying to load configuration file 'csquotes.cfg'...
Package csquotes Info: ... configuration file loaded successfully.
(c:/Users/jamespustejovsky/AppData/Roaming/TinyTeX/texmf-dist/tex/latex/csquotes/csquotes.cfg
File: csquotes.cfg 
)) (c:/Users/jamespustejovsky/AppData/Roaming/TinyTeX/texmf-dist/tex/latex/tools/multicol.sty
Package: multicol 2025/10/21 v2.0b multicolumn formatting (FMi)
\c@tracingmulticols=\count369
\mult@box=\box79
\multicol@leftmargin=\dimen318
\c@unbalance=\count370
\c@collectmore=\count371
\doublecol@number=\count372
\multicoltolerance=\count373
\multicolpretolerance=\count374
\full@width=\dimen319
\page@free=\dimen320
\premulticols=\dimen321
\postmulticols=\dimen322
\multicolsep=\skip105
\multicolbaselineskip=\skip106
\partial@page=\box80
\last@line=\box81
\mc@boxedresult=\box82
\maxbalancingoverflow=\dimen323
\mult@rightbox=\box83
\mult@grightbox=\box84
\mult@firstbox=\box85
\mult@gfirstbox=\box86
\@tempa=\box87
\@tempa=\box88
\@tempa=\box89
\@tempa=\box90
\@tempa=\box91
\@tempa=\box92
\@tempa=\box93
\@tempa=\box94
\@tempa=\box95
\@tempa=\box96
\@tempa=\box97
\@tempa=\box98
\@tempa=\box99
\@tempa=\box100
\@tempa=\box101
\@tempa=\box102
\@tempa=\box103
\@tempa=\box104
\@tempa=\box105
\@tempa=\box106
\@tempa=\box107
\@tempa=\box108
\@tempa=\box109
\@tempa=\box110
\@tempa=\box111
\@tempa=\box112
\@tempa=\box113
\@tempa=\box114
\@tempa=\box115
\@tempa=\box116
\@tempa=\box117
\@tempa=\box118
\@tempa=\box119
\@tempa=\box120
\@tempa=\box121
\@tempa=\box122
\c@minrows=\count375
\c@columnbadness=\count376
\c@finalcolumnbadness=\count377
\last@try=\dimen324
\multicolovershoot=\dimen325
\multicolundershoot=\dimen326
\mult@nat@firstbox=\box123
\colbreak@box=\box124
\mc@col@check@num=\count378
\g__mc_curr_col_int=\count379
) (c:/Users/jamespustejovsky/AppData/Roaming/TinyTeX/texmf-dist/tex/latex/amscls/amsthm.sty
Package: amsthm 2020/05/29 v2.20.6
\thm@style=\toks47
\thm@bodyfont=\toks48
\thm@headfont=\toks49
\thm@notefont=\toks50
\thm@headpunct=\toks51
\thm@preskip=\skip107
\thm@postskip=\skip108
\thm@headsep=\skip109
\dth@everypar=\toks52
)
\c@thm=\count380
\c@lem=\count381
(c:/Users/jamespustejovsky/AppData/Roaming/TinyTeX/texmf-dist/tex/latex/subfig/subfig.sty
Package: subfig 2005/06/28 ver: 1.3 subfig package
\c@KVtest=\count382
\sf@farskip=\skip110
\sf@captopadj=\dimen327
\sf@capskip=\skip111
\sf@nearskip=\skip112
\c@subfigure=\count383
\c@subfigure@save=\count384
\c@lofdepth=\count385
\c@subtable=\count386
\c@subtable@save=\count387
\c@lotdepth=\count388
\sf@top=\skip113
\sf@bottom=\skip114
) (c:/Users/jamespustejovsky/AppData/Roaming/TinyTeX/texmf-dist/tex/latex/graphics/rotating.sty
Package: rotating 2026-05-17 v2.16e rotated objects in LaTeX
(c:/Users/jamespustejovsky/AppData/Roaming/TinyTeX/texmf-dist/tex/latex/base/ifthen.sty
Package: ifthen 2024/03/16 v1.1e Standard LaTeX ifthen package (DPC)
)
\c@r@tfl@t=\count389
\rotFPtop=\skip115
\rotFPbot=\skip116
\rot@float@box=\box125
\rot@mess@toks=\toks53
) (c:/Users/jamespustejovsky/AppData/Roaming/TinyTeX/texmf-dist/tex/latex/setspace/setspace.sty
Package: setspace 2022/12/04 v6.7b set line spacing
) (c:/Users/jamespustejovsky/AppData/Roaming/TinyTeX/texmf-dist/tex/latex/tools/xr.sty
Package: xr 2024-12-22 v6.00 eXternal References (DPC)
) (c:/Users/jamespustejovsky/AppData/Roaming/TinyTeX/texmf-dist/tex/latex/bookmark/bookmark.sty
Package: bookmark 2026-05-21 v1.32 PDF bookmarks (HO)
(c:/Users/jamespustejovsky/AppData/Roaming/TinyTeX/texmf-dist/tex/latex/bookmark/bkm-pdftex.def
File: bkm-pdftex.def 2026-05-21 v1.32 bookmark driver for pdfTeX (HO)
\BKM@id=\count390
))
\c@NumberOfAuthors=\count391
\c@NumberOfSuperscripts=\count392

Class apa7 Warning: Deprecated: see documentation for \authorsaffiliations on input line 242.

\c@NumberOfAffiliations=\count393
Package csquotes Info: Checking for multilingual support...
Package csquotes Info: ... found 'babel' package.
Package csquotes Info: Adjusting default style.
Package csquotes Info: Redefining alias 'default' -> 'american'.
(./beta-function-selection-models-with-dependent-effects.aux)
\openout1 = `beta-function-selection-models-with-dependent-effects.aux'.

LaTeX Font Info:    Checking defaults for OML/cmm/m/it on input line 246.
LaTeX Font Info:    ... okay on input line 246.
LaTeX Font Info:    Checking defaults for OMS/cmsy/m/n on input line 246.
LaTeX Font Info:    ... okay on input line 246.
LaTeX Font Info:    Checking defaults for OT1/cmr/m/n on input line 246.
LaTeX Font Info:    ... okay on input line 246.
LaTeX Font Info:    Checking defaults for T1/cmr/m/n on input line 246.
LaTeX Font Info:    ... okay on input line 246.
LaTeX Font Info:    Checking defaults for TS1/cmr/m/n on input line 246.
LaTeX Font Info:    ... okay on input line 246.
LaTeX Font Info:    Checking defaults for OMX/cmex/m/n on input line 246.
LaTeX Font Info:    ... okay on input line 246.
LaTeX Font Info:    Checking defaults for U/cmr/m/n on input line 246.
LaTeX Font Info:    ... okay on input line 246.
LaTeX Font Info:    Checking defaults for PD1/pdf/m/n on input line 246.
LaTeX Font Info:    ... okay on input line 246.
LaTeX Font Info:    Checking defaults for PU/pdf/m/n on input line 246.
LaTeX Font Info:    ... okay on input line 246.
*geometry* driver: auto-detecting
*geometry* detected driver: pdftex
*geometry* verbose mode - [ preamble ] result:
* driver: pdftex
* paper: <default>
* layout: <same size as paper>
* layoutoffset:(h,v)=(0.0pt,0.0pt)
* modes: 
* h-part:(L,W,R)=(72.26999pt, 469.75502pt, 72.26999pt)
* v-part:(T,H,B)=(72.26999pt, 650.43001pt, 72.26999pt)
* \paperwidth=614.295pt
* \paperheight=794.96999pt
* \textwidth=469.75502pt
* \textheight=650.43001pt
* \oddsidemargin=0.0pt
* \evensidemargin=0.0pt
* \topmargin=-40.2pt
* \headheight=15.2pt
* \headsep=25.0pt
* \topskip=12.0pt
* \footskip=30.0pt
* \marginparwidth=95.0pt
* \marginparsep=10.0pt
* \columnsep=10.0pt
* \skip\footins=10.8pt plus 4.0pt minus 2.0pt
* \hoffset=0.0pt
* \voffset=0.0pt
* \mag=1000
* \@twocolumnfalse
* \@twosidefalse
* \@mparswitchfalse
* \@reversemarginfalse
* (1in=72.27pt=25.4mm, 1cm=28.453pt)

(c:/Users/jamespustejovsky/AppData/Roaming/TinyTeX/texmf-dist/tex/latex/epstopdf-pkg/epstopdf-base.sty
Package: epstopdf-base 2020-01-24 v2.11 Base part for package epstopdf
Package epstopdf-base Info: Redefining graphics rule for `.eps' on input line 485.
(c:/Users/jamespustejovsky/AppData/Roaming/TinyTeX/texmf-dist/tex/latex/latexconfig/epstopdf-sys.cfg
File: epstopdf-sys.cfg 2010/07/13 v1.3 Configuration of (r)epstopdf for TeX Live
))
Package hyperref Info: Link coloring OFF on input line 246.
(c:/Users/jamespustejovsky/AppData/Roaming/TinyTeX/texmf-dist/tex/latex/apa7/config/APA7american.txt
File: APA7american.txt 2020/12/02 v1.02 apa7 configuration for American English
)
Package caption Info: Begin \AtBeginDocument code.
Package caption Info: subfig package v1.3 is loaded.
Package caption Info: float package is loaded.
Package caption Info: longtable package is loaded.
(c:/Users/jamespustejovsky/AppData/Roaming/TinyTeX/texmf-dist/tex/latex/caption/ltcaption.sty
Package: ltcaption 2021/01/08 v1.4c longtable captions (AR)
)
Package caption Info: rotating package is loaded.
Package caption Info: End \AtBeginDocument code.
LaTeX Info: Redefining \microtypecontext on input line 246.
Package microtype Info: Applying patch `item' on input line 246.
Package microtype Info: Applying patch `toc' on input line 246.
Package microtype Info: Applying patch `eqnum' on input line 246.

Package microtype Warning: Unable to apply patch `footnote' on input line 246.

Package microtype Info: Applying patch `verbatim' on input line 246.
LaTeX Info: Redefining \microtypesetup on input line 246.
Package microtype Info: Generating PDF output.
Package microtype Info: Character protrusion enabled (level 2).
Package microtype Info: Using protrusion set `basicmath'.
Package microtype Info: Automatic font expansion enabled (level 2),
(microtype)             stretch: 20, shrink: 20, step: 1, non-selected.
Package microtype Info: Using default expansion set `alltext-nott'.
Package microtype Info: Patching command `\showhyphens'.
Package microtype Info: No adjustment of tracking.
Package microtype Info: No adjustment of interword spacing.
Package microtype Info: No adjustment of character kerning.
(c:/Users/jamespustejovsky/AppData/Roaming/TinyTeX/texmf-dist/tex/latex/microtype/mt-cmr.cfg
File: mt-cmr.cfg 2013/05/19 v2.2 microtype config. file: Computer Modern Roman (RS)
)
Couldn't patch \deferred@thm@head!
Package babel Info: Main language set to 'american'.

Class apa7 Warning: Abstract not defined.

LaTeX Font Info:    Trying to load font information for OT1+lmr on input line 247.
(c:/Users/jamespustejovsky/AppData/Roaming/TinyTeX/texmf-dist/tex/latex/lm/ot1lmr.fd
File: ot1lmr.fd 2015/05/01 v1.6.1 Font defs for Latin Modern
)
LaTeX Font Info:    Trying to load font information for OML+lmm on input line 247.
(c:/Users/jamespustejovsky/AppData/Roaming/TinyTeX/texmf-dist/tex/latex/lm/omllmm.fd
File: omllmm.fd 2015/05/01 v1.6.1 Font defs for Latin Modern
)
LaTeX Font Info:    Trying to load font information for OMS+lmsy on input line 247.
(c:/Users/jamespustejovsky/AppData/Roaming/TinyTeX/texmf-dist/tex/latex/lm/omslmsy.fd
File: omslmsy.fd 2015/05/01 v1.6.1 Font defs for Latin Modern
)
LaTeX Font Info:    Trying to load font information for OMX+lmex on input line 247.
(c:/Users/jamespustejovsky/AppData/Roaming/TinyTeX/texmf-dist/tex/latex/lm/omxlmex.fd
File: omxlmex.fd 2015/05/01 v1.6.1 Font defs for Latin Modern
)
LaTeX Font Info:    External font `lmex10' loaded for size
(Font)              <12> on input line 247.
LaTeX Font Info:    External font `lmex10' loaded for size
(Font)              <8> on input line 247.
LaTeX Font Info:    External font `lmex10' loaded for size
(Font)              <6> on input line 247.
LaTeX Font Info:    Trying to load font information for U+msa on input line 247.
(c:/Users/jamespustejovsky/AppData/Roaming/TinyTeX/texmf-dist/tex/latex/amsfonts/umsa.fd
File: umsa.fd 2013/01/14 v3.01 AMS symbols A
) (c:/Users/jamespustejovsky/AppData/Roaming/TinyTeX/texmf-dist/tex/latex/microtype/mt-msa.cfg
File: mt-msa.cfg 2006/02/04 v1.1 microtype config. file: AMS symbols (a) (RS)
)
LaTeX Font Info:    Trying to load font information for U+msb on input line 247.
(c:/Users/jamespustejovsky/AppData/Roaming/TinyTeX/texmf-dist/tex/latex/amsfonts/umsb.fd
File: umsb.fd 2013/01/14 v3.01 AMS symbols B
) (c:/Users/jamespustejovsky/AppData/Roaming/TinyTeX/texmf-dist/tex/latex/microtype/mt-msb.cfg
File: mt-msb.cfg 2005/06/01 v1.0 microtype config. file: AMS symbols (b) (RS)
) (c:/Users/jamespustejovsky/AppData/Roaming/TinyTeX/texmf-dist/tex/latex/microtype/mt-eur.cfg
File: mt-eur.cfg 2006/07/31 v1.1 microtype config. file: AMS Euler Roman (RS)
) [1{c:/Users/jamespustejovsky/AppData/Roaming/TinyTeX/texmf-var/fonts/map/pdftex/updmap/pdftex.map}{c:/Users/jamespustejovsky/AppData/Roaming/TinyTeX/texmf-dist/fonts/enc/dvips/lm/lm-ec.enc}

] [2{c:/Users/jamespustejovsky/AppData/Roaming/TinyTeX/texmf-dist/fonts/enc/dvips/lm/lm-mathit.enc}{c:/Users/jamespustejovsky/AppData/Roaming/TinyTeX/texmf-dist/fonts/enc/dvips/lm/lm-rm.enc}] [3] [4] [5{c:/Users/jamespustejovsky/AppData/Roaming/TinyTeX/texmf-dist/fonts/enc/dvips/lm/lm-mathsy.enc}{c:/Users/jamespustejovsky/AppData/Roaming/TinyTeX/texmf-dist/fonts/enc/dvips/lm/lm-mathex.enc}]
Overfull \hbox (10.55293pt too wide) detected at line 323
[][][]\OML/lmm/m/it/12 w\OT1/lmr/m/n/12 (\OML/lmm/m/it/12 Y[]; ^^[[]; []\OT1/lmr/m/n/12 ) = []
 []

[6]
<beta-function-selection-models-with-dependent-effects_files/figure-latex/beta-functions-1.pdf, id=59, 361.35pt x 252.945pt>
File: beta-function-selection-models-with-dependent-effects_files/figure-latex/beta-functions-1.pdf Graphic file (type pdf)
<use beta-function-selection-models-with-dependent-effects_files/figure-latex/beta-functions-1.pdf>
Package pdftex.def Info: beta-function-selection-models-with-dependent-effects_files/figure-latex/beta-functions-1.pdf  used on input line 331.
(pdftex.def)             Requested size: 230.18253pt x 161.12776pt.
LaTeX Font Info:    External font `lmex10' loaded for size
(Font)              <10> on input line 331.
LaTeX Font Info:    External font `lmex10' loaded for size
(Font)              <7> on input line 331.
LaTeX Font Info:    External font `lmex10' loaded for size
(Font)              <5> on input line 331.
<beta-function-selection-models-with-dependent-effects_files/figure-latex/beta-functions-2.pdf, id=60, 361.35pt x 252.945pt>
File: beta-function-selection-models-with-dependent-effects_files/figure-latex/beta-functions-2.pdf Graphic file (type pdf)
<use beta-function-selection-models-with-dependent-effects_files/figure-latex/beta-functions-2.pdf>
Package pdftex.def Info: beta-function-selection-models-with-dependent-effects_files/figure-latex/beta-functions-2.pdf  used on input line 331.
(pdftex.def)             Requested size: 230.18253pt x 161.12776pt.
[7 <./beta-function-selection-models-with-dependent-effects_files/figure-latex/beta-functions-1.pdf> <./beta-function-selection-models-with-dependent-effects_files/figure-latex/beta-functions-2.pdf>]
LaTeX Font Info:    Trying to load font information for T1+lmtt on input line 359.
(c:/Users/jamespustejovsky/AppData/Roaming/TinyTeX/texmf-dist/tex/latex/lm/t1lmtt.fd
File: t1lmtt.fd 2015/05/01 v1.6.1 Font defs for Latin Modern
) [8] [9] [10]
Overfull \hbox (35.08308pt too wide) in paragraph at lines 388--411
 [][] 
 []

[11]
<beta-function-selection-models-with-dependent-effects_files/figure-latex/social-identity-theory-selection-curves-1.pdf, id=124, 361.35pt x 397.485pt>
File: beta-function-selection-models-with-dependent-effects_files/figure-latex/social-identity-theory-selection-curves-1.pdf Graphic file (type pdf)
<use beta-function-selection-models-with-dependent-effects_files/figure-latex/social-identity-theory-selection-curves-1.pdf>
Package pdftex.def Info: beta-function-selection-models-with-dependent-effects_files/figure-latex/social-identity-theory-selection-curves-1.pdf  used on input line 426.
(pdftex.def)             Requested size: 352.31625pt x 387.54935pt.
[12] [13 <./beta-function-selection-models-with-dependent-effects_files/figure-latex/social-identity-theory-selection-curves-1.pdf>] [14] [15] [16] [17] [18] [19]
<beta-function-selection-models-with-dependent-effects_files/figure-latex/mu-bias-main-1.pdf, id=182, 722.7pt x 505.89pt>
File: beta-function-selection-models-with-dependent-effects_files/figure-latex/mu-bias-main-1.pdf Graphic file (type pdf)
<use beta-function-selection-models-with-dependent-effects_files/figure-latex/mu-bias-main-1.pdf>
Package pdftex.def Info: beta-function-selection-models-with-dependent-effects_files/figure-latex/mu-bias-main-1.pdf  used on input line 542.
(pdftex.def)             Requested size: 650.43001pt x 455.3045pt.
[20] [21 <./beta-function-selection-models-with-dependent-effects_files/figure-latex/mu-bias-main-1.pdf>]
<beta-function-selection-models-with-dependent-effects_files/figure-latex/mu-rmse-main-1.pdf, id=208, 722.7pt x 505.89pt>
File: beta-function-selection-models-with-dependent-effects_files/figure-latex/mu-rmse-main-1.pdf Graphic file (type pdf)
<use beta-function-selection-models-with-dependent-effects_files/figure-latex/mu-rmse-main-1.pdf>
Package pdftex.def Info: beta-function-selection-models-with-dependent-effects_files/figure-latex/mu-rmse-main-1.pdf  used on input line 559.
(pdftex.def)             Requested size: 650.43001pt x 455.3045pt.
[22] [23 <./beta-function-selection-models-with-dependent-effects_files/figure-latex/mu-rmse-main-1.pdf>]
<beta-function-selection-models-with-dependent-effects_files/figure-latex/comparison-coverage-main-1.pdf, id=236, 722.7pt x 505.89pt>
File: beta-function-selection-models-with-dependent-effects_files/figure-latex/comparison-coverage-main-1.pdf Graphic file (type pdf)
<use beta-function-selection-models-with-dependent-effects_files/figure-latex/comparison-coverage-main-1.pdf>
Package pdftex.def Info: beta-function-selection-models-with-dependent-effects_files/figure-latex/comparison-coverage-main-1.pdf  used on input line 574.
(pdftex.def)             Requested size: 650.43001pt x 455.3045pt.
[24] [25 <./beta-function-selection-models-with-dependent-effects_files/figure-latex/comparison-coverage-main-1.pdf>]
<beta-function-selection-models-with-dependent-effects_files/figure-latex/Beta-coverage-main-1.pdf, id=264, 650.43pt x 433.62pt>
File: beta-function-selection-models-with-dependent-effects_files/figure-latex/Beta-coverage-main-1.pdf Graphic file (type pdf)
<use beta-function-selection-models-with-dependent-effects_files/figure-latex/Beta-coverage-main-1.pdf>
Package pdftex.def Info: beta-function-selection-models-with-dependent-effects_files/figure-latex/Beta-coverage-main-1.pdf  used on input line 586.
(pdftex.def)             Requested size: 650.4284pt x 433.61894pt.
<beta-function-selection-models-with-dependent-effects_files/figure-latex/comparison-CI-width-main-1.pdf, id=266, 650.43pt x 469.755pt>
File: beta-function-selection-models-with-dependent-effects_files/figure-latex/comparison-CI-width-main-1.pdf Graphic file (type pdf)
<use beta-function-selection-models-with-dependent-effects_files/figure-latex/comparison-CI-width-main-1.pdf>
Package pdftex.def Info: beta-function-selection-models-with-dependent-effects_files/figure-latex/comparison-CI-width-main-1.pdf  used on input line 596.
(pdftex.def)             Requested size: 650.4284pt x 469.75386pt.
[26] [27 <./beta-function-selection-models-with-dependent-effects_files/figure-latex/Beta-coverage-main-1.pdf>] [28 <./beta-function-selection-models-with-dependent-effects_files/figure-latex/comparison-CI-width-main-1.pdf>]
<beta-function-selection-models-with-dependent-effects_files/figure-latex/mu-bias-miss-1.pdf, id=302, 650.43pt x 469.755pt>
File: beta-function-selection-models-with-dependent-effects_files/figure-latex/mu-bias-miss-1.pdf Graphic file (type pdf)
<use beta-function-selection-models-with-dependent-effects_files/figure-latex/mu-bias-miss-1.pdf>
Package pdftex.def Info: beta-function-selection-models-with-dependent-effects_files/figure-latex/mu-bias-miss-1.pdf  used on input line 614.
(pdftex.def)             Requested size: 650.4284pt x 469.75386pt.
<beta-function-selection-models-with-dependent-effects_files/figure-latex/mu-rmse-miss-1.pdf, id=304, 650.43pt x 469.755pt>
File: beta-function-selection-models-with-dependent-effects_files/figure-latex/mu-rmse-miss-1.pdf Graphic file (type pdf)
<use beta-function-selection-models-with-dependent-effects_files/figure-latex/mu-rmse-miss-1.pdf>
Package pdftex.def Info: beta-function-selection-models-with-dependent-effects_files/figure-latex/mu-rmse-miss-1.pdf  used on input line 622.
(pdftex.def)             Requested size: 650.4284pt x 469.75386pt.
[29] [30 <./beta-function-selection-models-with-dependent-effects_files/figure-latex/mu-bias-miss-1.pdf>] [31 <./beta-function-selection-models-with-dependent-effects_files/figure-latex/mu-rmse-miss-1.pdf>]
<beta-function-selection-models-with-dependent-effects_files/figure-latex/PML-coverage-miss-1.pdf, id=341, 650.43pt x 433.62pt>
File: beta-function-selection-models-with-dependent-effects_files/figure-latex/PML-coverage-miss-1.pdf Graphic file (type pdf)
<use beta-function-selection-models-with-dependent-effects_files/figure-latex/PML-coverage-miss-1.pdf>
Package pdftex.def Info: beta-function-selection-models-with-dependent-effects_files/figure-latex/PML-coverage-miss-1.pdf  used on input line 634.
(pdftex.def)             Requested size: 650.4284pt x 433.61894pt.
[32] [33 <./beta-function-selection-models-with-dependent-effects_files/figure-latex/PML-coverage-miss-1.pdf>] [34] [35] [36] [37] [38] [39] [40] [41] [42] [43] [44] [45]
pdfTeX warning (ext4): destination with the same identifier (name{equation.1}) has been already used, duplicate ignored
<to be read again> 
                   \relax 
l.910 \begin{equation}
                      
pdfTeX warning (ext4): destination with the same identifier (name{equation.1}) has been already used, duplicate ignored
<to be read again> 
                   \relax 
l.910 \begin{equation}
                      
pdfTeX warning (ext4): destination with the same identifier (name{equation.1}) has been already used, duplicate ignored
<to be read again> 
                   \relax 
l.910 \begin{equation}
                      
pdfTeX warning (ext4): destination with the same identifier (name{equation.1}) has been already used, duplicate ignored
<to be read again> 
                   \relax 
l.910 \begin{equation}
                      
pdfTeX warning (ext4): destination with the same identifier (name{equation.2}) has been already used, duplicate ignored
<to be read again> 
                   \relax 
l.917 \begin{equation}
                      
pdfTeX warning (ext4): destination with the same identifier (name{equation.2}) has been already used, duplicate ignored
<to be read again> 
                   \relax 
l.917 \begin{equation}
                      
pdfTeX warning (ext4): destination with the same identifier (name{equation.2}) has been already used, duplicate ignored
<to be read again> 
                   \relax 
l.917 \begin{equation}
                      
pdfTeX warning (ext4): destination with the same identifier (name{equation.2}) has been already used, duplicate ignored
<to be read again> 
                   \relax 
l.917 \begin{equation}
                      
pdfTeX warning (ext4): destination with the same identifier (name{equation.3}) has been already used, duplicate ignored
<to be read again> 
                   \relax 
l.925 \begin{equation}
                      
pdfTeX warning (ext4): destination with the same identifier (name{equation.3}) has been already used, duplicate ignored
<to be read again> 
                   \relax 
l.925 \begin{equation}
                      
pdfTeX warning (ext4): destination with the same identifier (name{equation.3}) has been already used, duplicate ignored
<to be read again> 
                   \relax 
l.925 \begin{equation}
                      
pdfTeX warning (ext4): destination with the same identifier (name{equation.3}) has been already used, duplicate ignored
<to be read again> 
                   \relax 
l.925 \begin{equation}
                       [46

]
<beta-function-selection-models-with-dependent-effects_files/figure-latex/prior-penalties-1.pdf, id=523, 361.35pt x 216.81pt>
File: beta-function-selection-models-with-dependent-effects_files/figure-latex/prior-penalties-1.pdf Graphic file (type pdf)
<use beta-function-selection-models-with-dependent-effects_files/figure-latex/prior-penalties-1.pdf>
Package pdftex.def Info: beta-function-selection-models-with-dependent-effects_files/figure-latex/prior-penalties-1.pdf  used on input line 935.
(pdftex.def)             Requested size: 230.18253pt x 138.1095pt.
<beta-function-selection-models-with-dependent-effects_files/figure-latex/prior-penalties-2.pdf, id=524, 361.35pt x 216.81pt>
File: beta-function-selection-models-with-dependent-effects_files/figure-latex/prior-penalties-2.pdf Graphic file (type pdf)
<use beta-function-selection-models-with-dependent-effects_files/figure-latex/prior-penalties-2.pdf>
Package pdftex.def Info: beta-function-selection-models-with-dependent-effects_files/figure-latex/prior-penalties-2.pdf  used on input line 935.
(pdftex.def)             Requested size: 230.18253pt x 138.1095pt.
<beta-function-selection-models-with-dependent-effects_files/figure-latex/prior-penalties-3.pdf, id=525, 361.35pt x 216.81pt>
File: beta-function-selection-models-with-dependent-effects_files/figure-latex/prior-penalties-3.pdf Graphic file (type pdf)
<use beta-function-selection-models-with-dependent-effects_files/figure-latex/prior-penalties-3.pdf>
Package pdftex.def Info: beta-function-selection-models-with-dependent-effects_files/figure-latex/prior-penalties-3.pdf  used on input line 935.
(pdftex.def)             Requested size: 230.18253pt x 138.1095pt.
<beta-function-selection-models-with-dependent-effects_files/figure-latex/prior-penalties-4.pdf, id=526, 361.35pt x 216.81pt>
File: beta-function-selection-models-with-dependent-effects_files/figure-latex/prior-penalties-4.pdf Graphic file (type pdf)
<use beta-function-selection-models-with-dependent-effects_files/figure-latex/prior-penalties-4.pdf>
Package pdftex.def Info: beta-function-selection-models-with-dependent-effects_files/figure-latex/prior-penalties-4.pdf  used on input line 935.
(pdftex.def)             Requested size: 230.18253pt x 138.1095pt.

Underfull \hbox (badness 10000) in paragraph at lines 935--935

 []

[47] [48 <./beta-function-selection-models-with-dependent-effects_files/figure-latex/prior-penalties-1.pdf> <./beta-function-selection-models-with-dependent-effects_files/figure-latex/prior-penalties-2.pdf> <./beta-function-selection-models-with-dependent-effects_files/figure-latex/prior-penalties-3.pdf> <./beta-function-selection-models-with-dependent-effects_files/figure-latex/prior-penalties-4.pdf>]
pdfTeX warning (ext4): destination with the same identifier (name{equation.1}) has been already used, duplicate ignored
<to be read again> 
                   \relax 
l.947 \end{align}
                 
pdfTeX warning (ext4): destination with the same identifier (name{equation.2}) has been already used, duplicate ignored
<to be read again> 
                   \relax 
l.949 \begin{equation}
                      
pdfTeX warning (ext4): destination with the same identifier (name{equation.2}) has been already used, duplicate ignored
<to be read again> 
                   \relax 
l.949 \begin{equation}
                      
pdfTeX warning (ext4): destination with the same identifier (name{equation.2}) has been already used, duplicate ignored
<to be read again> 
                   \relax 
l.949 \begin{equation}
                      
pdfTeX warning (ext4): destination with the same identifier (name{equation.2}) has been already used, duplicate ignored
<to be read again> 
                   \relax 
l.949 \begin{equation}
                      
pdfTeX warning (ext4): destination with the same identifier (name{equation.3}) has been already used, duplicate ignored
<to be read again> 
                   \relax 
l.953 \begin{equation}
                      
pdfTeX warning (ext4): destination with the same identifier (name{equation.3}) has been already used, duplicate ignored
<to be read again> 
                   \relax 
l.953 \begin{equation}
                      
pdfTeX warning (ext4): destination with the same identifier (name{equation.3}) has been already used, duplicate ignored
<to be read again> 
                   \relax 
l.953 \begin{equation}
                      
pdfTeX warning (ext4): destination with the same identifier (name{equation.3}) has been already used, duplicate ignored
<to be read again> 
                   \relax 
l.953 \begin{equation}
                       [49

]
pdfTeX warning (ext4): destination with the same identifier (name{equation.4}) has been already used, duplicate ignored
<to be read again> 
                   \relax 
l.963 \begin{equation}
                      
pdfTeX warning (ext4): destination with the same identifier (name{equation.4}) has been already used, duplicate ignored
<to be read again> 
                   \relax 
l.963 \begin{equation}
                      
pdfTeX warning (ext4): destination with the same identifier (name{equation.4}) has been already used, duplicate ignored
<to be read again> 
                   \relax 
l.963 \begin{equation}
                      
pdfTeX warning (ext4): destination with the same identifier (name{equation.4}) has been already used, duplicate ignored
<to be read again> 
                   \relax 
l.963 \begin{equation}
                      
pdfTeX warning (ext4): destination with the same identifier (name{equation.5}) has been already used, duplicate ignored
<to be read again> 
                   \relax 
l.968 \begin{equation}
                      
pdfTeX warning (ext4): destination with the same identifier (name{equation.5}) has been already used, duplicate ignored
<to be read again> 
                   \relax 
l.968 \begin{equation}
                      
pdfTeX warning (ext4): destination with the same identifier (name{equation.5}) has been already used, duplicate ignored
<to be read again> 
                   \relax 
l.968 \begin{equation}
                      
pdfTeX warning (ext4): destination with the same identifier (name{equation.5}) has been already used, duplicate ignored
<to be read again> 
                   \relax 
l.968 \begin{equation}
                       [50] [51] [52] [53] [54] [55] [56]
<beta-function-selection-models-with-dependent-effects_files/figure-latex/rmse-CHE-Beta-main-1.pdf, id=653, 650.43pt x 469.755pt>
File: beta-function-selection-models-with-dependent-effects_files/figure-latex/rmse-CHE-Beta-main-1.pdf Graphic file (type pdf)
<use beta-function-selection-models-with-dependent-effects_files/figure-latex/rmse-CHE-Beta-main-1.pdf>
Package pdftex.def Info: beta-function-selection-models-with-dependent-effects_files/figure-latex/rmse-CHE-Beta-main-1.pdf  used on input line 1105.
(pdftex.def)             Requested size: 650.4284pt x 469.75386pt.
<beta-function-selection-models-with-dependent-effects_files/figure-latex/rmse-PET-Beta-main-1.pdf, id=654, 650.43pt x 469.755pt>
File: beta-function-selection-models-with-dependent-effects_files/figure-latex/rmse-PET-Beta-main-1.pdf Graphic file (type pdf)
<use beta-function-selection-models-with-dependent-effects_files/figure-latex/rmse-PET-Beta-main-1.pdf>
Package pdftex.def Info: beta-function-selection-models-with-dependent-effects_files/figure-latex/rmse-PET-Beta-main-1.pdf  used on input line 1109.
(pdftex.def)             Requested size: 650.4284pt x 469.75386pt.
<beta-function-selection-models-with-dependent-effects_files/figure-latex/rmse-CHE-PET-main-1.pdf, id=655, 650.43pt x 469.755pt>
File: beta-function-selection-models-with-dependent-effects_files/figure-latex/rmse-CHE-PET-main-1.pdf Graphic file (type pdf)
<use beta-function-selection-models-with-dependent-effects_files/figure-latex/rmse-CHE-PET-main-1.pdf>
Package pdftex.def Info: beta-function-selection-models-with-dependent-effects_files/figure-latex/rmse-CHE-PET-main-1.pdf  used on input line 1113.
(pdftex.def)             Requested size: 650.4284pt x 469.75386pt.
<beta-function-selection-models-with-dependent-effects_files/figure-latex/comparison-coverage-full-main-1.pdf, id=656, 650.43pt x 469.755pt>
File: beta-function-selection-models-with-dependent-effects_files/figure-latex/comparison-coverage-full-main-1.pdf Graphic file (type pdf)
<use beta-function-selection-models-with-dependent-effects_files/figure-latex/comparison-coverage-full-main-1.pdf>
Package pdftex.def Info: beta-function-selection-models-with-dependent-effects_files/figure-latex/comparison-coverage-full-main-1.pdf  used on input line 1117.
(pdftex.def)             Requested size: 650.4284pt x 469.75386pt.
<beta-function-selection-models-with-dependent-effects_files/figure-latex/comparison-coverage-full-miss-1.pdf, id=657, 650.43pt x 469.755pt>
File: beta-function-selection-models-with-dependent-effects_files/figure-latex/comparison-coverage-full-miss-1.pdf Graphic file (type pdf)
<use beta-function-selection-models-with-dependent-effects_files/figure-latex/comparison-coverage-full-miss-1.pdf>
Package pdftex.def Info: beta-function-selection-models-with-dependent-effects_files/figure-latex/comparison-coverage-full-miss-1.pdf  used on input line 1121.
(pdftex.def)             Requested size: 650.4284pt x 469.75386pt.
<beta-function-selection-models-with-dependent-effects_files/figure-latex/comparison-CI-width-full-miss-1.pdf, id=658, 650.43pt x 469.755pt>
File: beta-function-selection-models-with-dependent-effects_files/figure-latex/comparison-CI-width-full-miss-1.pdf Graphic file (type pdf)
<use beta-function-selection-models-with-dependent-effects_files/figure-latex/comparison-CI-width-full-miss-1.pdf>
Package pdftex.def Info: beta-function-selection-models-with-dependent-effects_files/figure-latex/comparison-CI-width-full-miss-1.pdf  used on input line 1125.
(pdftex.def)             Requested size: 650.4284pt x 469.75386pt.
<beta-function-selection-models-with-dependent-effects_files/figure-latex/PML-CI-width-miss-1.pdf, id=659, 650.43pt x 469.755pt>
File: beta-function-selection-models-with-dependent-effects_files/figure-latex/PML-CI-width-miss-1.pdf Graphic file (type pdf)
<use beta-function-selection-models-with-dependent-effects_files/figure-latex/PML-CI-width-miss-1.pdf>
Package pdftex.def Info: beta-function-selection-models-with-dependent-effects_files/figure-latex/PML-CI-width-miss-1.pdf  used on input line 1129.
(pdftex.def)             Requested size: 650.4284pt x 469.75386pt.
[57

] [58 <./beta-function-selection-models-with-dependent-effects_files/figure-latex/rmse-CHE-Beta-main-1.pdf>] [59 <./beta-function-selection-models-with-dependent-effects_files/figure-latex/rmse-PET-Beta-main-1.pdf>] [60 <./beta-function-selection-models-with-dependent-effects_files/figure-latex/rmse-CHE-PET-main-1.pdf>] [61 <./beta-function-selection-models-with-dependent-effects_files/figure-latex/comparison-coverage-full-main-1.pdf>] [62 <./beta-function-selection-models-with-dependent-effects_files/figure-latex/comparison-coverage-full-miss-1.pdf>] [63 <./beta-function-selection-models-with-dependent-effects_files/figure-latex/comparison-CI-width-full-miss-1.pdf>] [64 <./beta-function-selection-models-with-dependent-effects_files/figure-latex/PML-CI-width-miss-1.pdf>]
<beta-function-selection-models-with-dependent-effects_files/figure-latex/heterogeneity-bias-1.pdf, id=766, 650.43pt x 469.755pt>
File: beta-function-selection-models-with-dependent-effects_files/figure-latex/heterogeneity-bias-1.pdf Graphic file (type pdf)
<use beta-function-selection-models-with-dependent-effects_files/figure-latex/heterogeneity-bias-1.pdf>
Package pdftex.def Info: beta-function-selection-models-with-dependent-effects_files/figure-latex/heterogeneity-bias-1.pdf  used on input line 1147.
(pdftex.def)             Requested size: 650.4284pt x 469.75386pt.
<beta-function-selection-models-with-dependent-effects_files/figure-latex/heterogeneity-rmse-1.pdf, id=767, 650.43pt x 469.755pt>
File: beta-function-selection-models-with-dependent-effects_files/figure-latex/heterogeneity-rmse-1.pdf Graphic file (type pdf)
<use beta-function-selection-models-with-dependent-effects_files/figure-latex/heterogeneity-rmse-1.pdf>
Package pdftex.def Info: beta-function-selection-models-with-dependent-effects_files/figure-latex/heterogeneity-rmse-1.pdf  used on input line 1151.
(pdftex.def)             Requested size: 650.4284pt x 469.75386pt.
<beta-function-selection-models-with-dependent-effects_files/figure-latex/heterogeneity-rmse-one-beta-1.pdf, id=768, 650.43pt x 469.755pt>
File: beta-function-selection-models-with-dependent-effects_files/figure-latex/heterogeneity-rmse-one-beta-1.pdf Graphic file (type pdf)
<use beta-function-selection-models-with-dependent-effects_files/figure-latex/heterogeneity-rmse-one-beta-1.pdf>
Package pdftex.def Info: beta-function-selection-models-with-dependent-effects_files/figure-latex/heterogeneity-rmse-one-beta-1.pdf  used on input line 1155.
(pdftex.def)             Requested size: 650.4284pt x 469.75386pt.
<beta-function-selection-models-with-dependent-effects_files/figure-latex/heterogeneity-rmse-two-beta-1.pdf, id=769, 650.43pt x 469.755pt>
File: beta-function-selection-models-with-dependent-effects_files/figure-latex/heterogeneity-rmse-two-beta-1.pdf Graphic file (type pdf)
<use beta-function-selection-models-with-dependent-effects_files/figure-latex/heterogeneity-rmse-two-beta-1.pdf>
Package pdftex.def Info: beta-function-selection-models-with-dependent-effects_files/figure-latex/heterogeneity-rmse-two-beta-1.pdf  used on input line 1159.
(pdftex.def)             Requested size: 650.4284pt x 469.75386pt.
<beta-function-selection-models-with-dependent-effects_files/figure-latex/heterogeneity-rmse-two-one-1.pdf, id=770, 650.43pt x 469.755pt>
File: beta-function-selection-models-with-dependent-effects_files/figure-latex/heterogeneity-rmse-two-one-1.pdf Graphic file (type pdf)
<use beta-function-selection-models-with-dependent-effects_files/figure-latex/heterogeneity-rmse-two-one-1.pdf>
Package pdftex.def Info: beta-function-selection-models-with-dependent-effects_files/figure-latex/heterogeneity-rmse-two-one-1.pdf  used on input line 1163.
(pdftex.def)             Requested size: 650.4284pt x 469.75386pt.
[65

] [66 <./beta-function-selection-models-with-dependent-effects_files/figure-latex/heterogeneity-bias-1.pdf>] [67 <./beta-function-selection-models-with-dependent-effects_files/figure-latex/heterogeneity-rmse-1.pdf>] [68 <./beta-function-selection-models-with-dependent-effects_files/figure-latex/heterogeneity-rmse-one-beta-1.pdf>] [69 <./beta-function-selection-models-with-dependent-effects_files/figure-latex/heterogeneity-rmse-two-beta-1.pdf>] [70 <./beta-function-selection-models-with-dependent-effects_files/figure-latex/heterogeneity-rmse-two-one-1.pdf>]
<beta-function-selection-models-with-dependent-effects_files/figure-latex/lambda1-bias-1.pdf, id=854, 650.43pt x 469.755pt>
File: beta-function-selection-models-with-dependent-effects_files/figure-latex/lambda1-bias-1.pdf Graphic file (type pdf)
<use beta-function-selection-models-with-dependent-effects_files/figure-latex/lambda1-bias-1.pdf>
Package pdftex.def Info: beta-function-selection-models-with-dependent-effects_files/figure-latex/lambda1-bias-1.pdf  used on input line 1175.
(pdftex.def)             Requested size: 650.4284pt x 469.75386pt.
<beta-function-selection-models-with-dependent-effects_files/figure-latex/lambda1-rmse-1.pdf, id=855, 650.43pt x 469.755pt>
File: beta-function-selection-models-with-dependent-effects_files/figure-latex/lambda1-rmse-1.pdf Graphic file (type pdf)
<use beta-function-selection-models-with-dependent-effects_files/figure-latex/lambda1-rmse-1.pdf>
Package pdftex.def Info: beta-function-selection-models-with-dependent-effects_files/figure-latex/lambda1-rmse-1.pdf  used on input line 1179.
(pdftex.def)             Requested size: 650.4284pt x 469.75386pt.
<beta-function-selection-models-with-dependent-effects_files/figure-latex/lambda2-bias-1.pdf, id=856, 650.43pt x 469.755pt>
File: beta-function-selection-models-with-dependent-effects_files/figure-latex/lambda2-bias-1.pdf Graphic file (type pdf)
<use beta-function-selection-models-with-dependent-effects_files/figure-latex/lambda2-bias-1.pdf>
Package pdftex.def Info: beta-function-selection-models-with-dependent-effects_files/figure-latex/lambda2-bias-1.pdf  used on input line 1183.
(pdftex.def)             Requested size: 650.4284pt x 469.75386pt.
<beta-function-selection-models-with-dependent-effects_files/figure-latex/lambda2-rmse-1.pdf, id=857, 650.43pt x 469.755pt>
File: beta-function-selection-models-with-dependent-effects_files/figure-latex/lambda2-rmse-1.pdf Graphic file (type pdf)
<use beta-function-selection-models-with-dependent-effects_files/figure-latex/lambda2-rmse-1.pdf>
Package pdftex.def Info: beta-function-selection-models-with-dependent-effects_files/figure-latex/lambda2-rmse-1.pdf  used on input line 1187.
(pdftex.def)             Requested size: 650.4284pt x 469.75386pt.
AED endfloat: Processing end Figures and Tables [71

] [72 <./beta-function-selection-models-with-dependent-effects_files/figure-latex/lambda1-bias-1.pdf>] [73 <./beta-function-selection-models-with-dependent-effects_files/figure-latex/lambda1-rmse-1.pdf>] [74 <./beta-function-selection-models-with-dependent-effects_files/figure-latex/lambda2-bias-1.pdf>] [75 <./beta-function-selection-models-with-dependent-effects_files/figure-latex/lambda2-rmse-1.pdf>] (./beta-function-selection-models-with-dependent-effects.aux)
 ***********
LaTeX2e <2026-06-01>
L3 programming layer <2020/03/25>
 ***********
 ) 
Here is how much of TeX's memory you used:
 30143 strings out of 469096
 591712 string characters out of 5455295
 1011014 words of memory out of 5000000
 58169 multiletter control sequences out of 15000+600000
 717839 words of font info for 207 fonts, out of 8000000 for 9000
 36 hyphenation exceptions out of 8191
 99i,16n,118p,1608b,662s stack positions out of 10000i,1000n,20000p,200000b,200000s

pdfTeX warning (dest): name{Hfootnote.4} has been referenced but does not exist, replaced by a fixed one


pdfTeX warning (dest): name{Hfootnote.3} has been referenced but does not exist, replaced by a fixed one


pdfTeX warning (dest): name{Hfootnote.2} has been referenced but does not exist, replaced by a fixed one


pdfTeX warning (dest): name{Hfootnote.1} has been referenced but does not exist, replaced by a fixed one

<c:/Users/jamespustejovsky/AppData/Roaming/TinyTeX/texmf-dist/fonts/type1/public/lm/lmbx12.pfb><c:/Users/jamespustejovsky/AppData/Roaming/TinyTeX/texmf-dist/fonts/type1/public/lm/lmbxi10.pfb><c:/Users/jamespustejovsky/AppData/Roaming/TinyTeX/texmf-dist/fonts/type1/public/lm/lmex10.pfb><c:/Users/jamespustejovsky/AppData/Roaming/TinyTeX/texmf-dist/fonts/type1/public/lm/lmmi10.pfb><c:/Users/jamespustejovsky/AppData/Roaming/TinyTeX/texmf-dist/fonts/type1/public/lm/lmmi12.pfb><c:/Users/jamespustejovsky/AppData/Roaming/TinyTeX/texmf-dist/fonts/type1/public/lm/lmmi6.pfb><c:/Users/jamespustejovsky/AppData/Roaming/TinyTeX/texmf-dist/fonts/type1/public/lm/lmmi8.pfb><c:/Users/jamespustejovsky/AppData/Roaming/TinyTeX/texmf-dist/fonts/type1/public/lm/lmmib10.pfb><c:/Users/jamespustejovsky/AppData/Roaming/TinyTeX/texmf-dist/fonts/type1/public/lm/lmr10.pfb><c:/Users/jamespustejovsky/AppData/Roaming/TinyTeX/texmf-dist/fonts/type1/public/lm/lmr12.pfb><c:/Users/jamespustejovsky/AppData/Roaming/TinyTeX/texmf-dist/fonts/type1/public/lm/lmr6.pfb><c:/Users/jamespustejovsky/AppData/Roaming/TinyTeX/texmf-dist/fonts/type1/public/lm/lmr7.pfb><c:/Users/jamespustejovsky/AppData/Roaming/TinyTeX/texmf-dist/fonts/type1/public/lm/lmr8.pfb><c:/Users/jamespustejovsky/AppData/Roaming/TinyTeX/texmf-dist/fonts/type1/public/lm/lmri10.pfb><c:/Users/jamespustejovsky/AppData/Roaming/TinyTeX/texmf-dist/fonts/type1/public/lm/lmri12.pfb><c:/Users/jamespustejovsky/AppData/Roaming/TinyTeX/texmf-dist/fonts/type1/public/lm/lmsy10.pfb><c:/Users/jamespustejovsky/AppData/Roaming/TinyTeX/texmf-dist/fonts/type1/public/lm/lmsy6.pfb><c:/Users/jamespustejovsky/AppData/Roaming/TinyTeX/texmf-dist/fonts/type1/public/lm/lmsy8.pfb><c:/Users/jamespustejovsky/AppData/Roaming/TinyTeX/texmf-dist/fonts/type1/public/lm/lmtt10.pfb><c:/Users/jamespustejovsky/AppData/Roaming/TinyTeX/texmf-dist/fonts/type1/public/lm/lmtt12.pfb><c:/Users/jamespustejovsky/AppData/Roaming/TinyTeX/texmf-dist/fonts/type1/public/amsfonts/symbols/msbm10.pfb>
Output written on beta-function-selection-models-with-dependent-effects.pdf (75 pages, 1117597 bytes).
PDF statistics:
 1202 PDF objects out of 1440 (max. 8388607)
 1005 compressed objects within 11 object streams
 245 named destinations out of 1000 (max. 500000)
 43496 words of extra memory for PDF output out of 51595 (max. 10000000)

